[2024-03-06 10:46:25,898] {taskinstance.py:896} INFO - Dependencies all met for <TaskInstance: s3_to_hdfs_on_emr.watch_step 2024-03-06T10:40:55.508109+00:00 [queued]>
[2024-03-06 10:46:25,940] {taskinstance.py:896} INFO - Dependencies all met for <TaskInstance: s3_to_hdfs_on_emr.watch_step 2024-03-06T10:40:55.508109+00:00 [queued]>
[2024-03-06 10:46:25,941] {taskinstance.py:1087} INFO - 
--------------------------------------------------------------------------------
[2024-03-06 10:46:25,941] {taskinstance.py:1088} INFO - Starting attempt 1 of 2
[2024-03-06 10:46:25,943] {taskinstance.py:1089} INFO - 
--------------------------------------------------------------------------------
[2024-03-06 10:46:26,017] {taskinstance.py:1107} INFO - Executing <Task(EmrStepSensor): watch_step> on 2024-03-06T10:40:55.508109+00:00
[2024-03-06 10:46:26,023] {standard_task_runner.py:52} INFO - Started process 28 to run task
[2024-03-06 10:46:26,033] {standard_task_runner.py:76} INFO - Running: ['airflow', 'tasks', 'run', 's3_to_hdfs_on_emr', 'watch_step', '2024-03-06T10:40:55.508109+00:00', '--job-id', '70', '--pool', 'default_pool', '--raw', '--subdir', 'DAGS_FOLDER/data_ingestion_dag/main.py', '--cfg-path', '/tmp/tmpqe45i_bk', '--error-file', '/tmp/tmp4ayndmsj']
[2024-03-06 10:46:26,034] {standard_task_runner.py:77} INFO - Job 70: Subtask watch_step
[2024-03-06 10:46:26,284] {logging_mixin.py:104} INFO - Running <TaskInstance: s3_to_hdfs_on_emr.watch_step 2024-03-06T10:40:55.508109+00:00 [running]> on host ef5d1504f506
[2024-03-06 10:46:26,729] {taskinstance.py:1300} INFO - Exporting the following env vars:
AIRFLOW_CTX_DAG_OWNER=airflow
AIRFLOW_CTX_DAG_ID=s3_to_hdfs_on_emr
AIRFLOW_CTX_TASK_ID=watch_step
AIRFLOW_CTX_EXECUTION_DATE=2024-03-06T10:40:55.508109+00:00
AIRFLOW_CTX_DAG_RUN_ID=manual__2024-03-06T10:40:55.508109+00:00
[2024-03-06 10:46:26,731] {base_aws.py:368} INFO - Airflow Connection: aws_conn_id=aws_default
[2024-03-06 10:46:26,766] {base_aws.py:166} INFO - Credentials retrieved from login
[2024-03-06 10:46:26,768] {base_aws.py:82} INFO - Retrieving region_name from Connection.extra_config['region_name']
[2024-03-06 10:46:26,769] {base_aws.py:84} INFO - Creating session with aws_access_key_id=AKIA4MTWLLCCM67BOY3J region_name=us-east-1
[2024-03-06 10:46:26,799] {base_aws.py:157} INFO - role_arn is None
[2024-03-06 10:46:27,050] {emr_step.py:73} INFO - Poking step s-00268933FNQHITRESAA6 on cluster j-E65C9OZZ8BJF
[2024-03-06 10:46:29,036] {emr_base.py:66} INFO - Job flow currently PENDING
[2024-03-06 10:47:29,092] {emr_step.py:73} INFO - Poking step s-00268933FNQHITRESAA6 on cluster j-E65C9OZZ8BJF
[2024-03-06 10:47:30,775] {emr_base.py:66} INFO - Job flow currently COMPLETED
[2024-03-06 10:47:30,775] {base.py:248} INFO - Success criteria met. Exiting.
[2024-03-06 10:47:30,805] {taskinstance.py:1204} INFO - Marking task as SUCCESS. dag_id=s3_to_hdfs_on_emr, task_id=watch_step, execution_date=20240306T104055, start_date=20240306T104625, end_date=20240306T104730
[2024-03-06 10:47:31,016] {taskinstance.py:1265} INFO - 0 downstream tasks scheduled from follow-on schedule check
[2024-03-06 10:47:31,071] {local_task_job.py:151} INFO - Task exited with return code 0
