[2024-03-08 16:27:25,343] {scheduler_job.py:182} INFO - Started process (PID=51) to work on /opt/airflow/dags/data_ingestion_dag/main.py
[2024-03-08 16:27:25,347] {scheduler_job.py:633} INFO - Processing file /opt/airflow/dags/data_ingestion_dag/main.py for tasks to queue
[2024-03-08 16:27:25,350] {logging_mixin.py:104} INFO - [2024-03-08 16:27:25,349] {dagbag.py:496} INFO - Filling up the DagBag from /opt/airflow/dags/data_ingestion_dag/main.py
[2024-03-08 16:27:25,711] {scheduler_job.py:643} INFO - DAG(s) dict_keys(['s3_to_hdfs_on_emr']) retrieved from /opt/airflow/dags/data_ingestion_dag/main.py
[2024-03-08 16:27:26,562] {logging_mixin.py:104} INFO - [2024-03-08 16:27:26,562] {dag.py:1833} INFO - Sync 1 DAGs
[2024-03-08 16:27:26,598] {logging_mixin.py:104} INFO - [2024-03-08 16:27:26,597] {dag.py:2306} INFO - Setting next_dagrun for s3_to_hdfs_on_emr to 2024-03-05T00:00:00+00:00
[2024-03-08 16:27:26,666] {scheduler_job.py:190} INFO - Processing /opt/airflow/dags/data_ingestion_dag/main.py took 1.332 seconds
[2024-03-08 16:27:57,809] {scheduler_job.py:182} INFO - Started process (PID=64) to work on /opt/airflow/dags/data_ingestion_dag/main.py
[2024-03-08 16:27:57,827] {scheduler_job.py:633} INFO - Processing file /opt/airflow/dags/data_ingestion_dag/main.py for tasks to queue
[2024-03-08 16:27:57,839] {logging_mixin.py:104} INFO - [2024-03-08 16:27:57,839] {dagbag.py:496} INFO - Filling up the DagBag from /opt/airflow/dags/data_ingestion_dag/main.py
[2024-03-08 16:27:58,233] {scheduler_job.py:643} INFO - DAG(s) dict_keys(['s3_to_hdfs_on_emr']) retrieved from /opt/airflow/dags/data_ingestion_dag/main.py
[2024-03-08 16:27:58,317] {logging_mixin.py:104} INFO - [2024-03-08 16:27:58,316] {dag.py:1833} INFO - Sync 1 DAGs
[2024-03-08 16:27:58,357] {logging_mixin.py:104} INFO - [2024-03-08 16:27:58,357] {dag.py:2306} INFO - Setting next_dagrun for s3_to_hdfs_on_emr to 2024-03-05T04:00:00+00:00
[2024-03-08 16:27:58,425] {scheduler_job.py:190} INFO - Processing /opt/airflow/dags/data_ingestion_dag/main.py took 0.621 seconds
[2024-03-08 16:28:30,367] {scheduler_job.py:182} INFO - Started process (PID=77) to work on /opt/airflow/dags/data_ingestion_dag/main.py
[2024-03-08 16:28:30,369] {scheduler_job.py:633} INFO - Processing file /opt/airflow/dags/data_ingestion_dag/main.py for tasks to queue
[2024-03-08 16:28:30,370] {logging_mixin.py:104} INFO - [2024-03-08 16:28:30,370] {dagbag.py:496} INFO - Filling up the DagBag from /opt/airflow/dags/data_ingestion_dag/main.py
[2024-03-08 16:28:30,552] {scheduler_job.py:643} INFO - DAG(s) dict_keys(['s3_to_hdfs_on_emr']) retrieved from /opt/airflow/dags/data_ingestion_dag/main.py
[2024-03-08 16:28:30,601] {logging_mixin.py:104} INFO - [2024-03-08 16:28:30,601] {dag.py:1833} INFO - Sync 1 DAGs
[2024-03-08 16:28:30,642] {logging_mixin.py:104} INFO - [2024-03-08 16:28:30,642] {dag.py:2306} INFO - Setting next_dagrun for s3_to_hdfs_on_emr to 2024-03-05T08:00:00+00:00
[2024-03-08 16:28:30,704] {scheduler_job.py:190} INFO - Processing /opt/airflow/dags/data_ingestion_dag/main.py took 0.343 seconds
[2024-03-08 16:29:02,203] {scheduler_job.py:182} INFO - Started process (PID=93) to work on /opt/airflow/dags/data_ingestion_dag/main.py
[2024-03-08 16:29:02,205] {scheduler_job.py:633} INFO - Processing file /opt/airflow/dags/data_ingestion_dag/main.py for tasks to queue
[2024-03-08 16:29:02,207] {logging_mixin.py:104} INFO - [2024-03-08 16:29:02,207] {dagbag.py:496} INFO - Filling up the DagBag from /opt/airflow/dags/data_ingestion_dag/main.py
[2024-03-08 16:29:02,378] {scheduler_job.py:643} INFO - DAG(s) dict_keys(['s3_to_hdfs_on_emr']) retrieved from /opt/airflow/dags/data_ingestion_dag/main.py
[2024-03-08 16:29:02,408] {logging_mixin.py:104} INFO - [2024-03-08 16:29:02,407] {dag.py:1833} INFO - Sync 1 DAGs
[2024-03-08 16:29:02,436] {logging_mixin.py:104} INFO - [2024-03-08 16:29:02,436] {dag.py:2306} INFO - Setting next_dagrun for s3_to_hdfs_on_emr to 2024-03-05T13:00:00+00:00
[2024-03-08 16:29:02,489] {scheduler_job.py:190} INFO - Processing /opt/airflow/dags/data_ingestion_dag/main.py took 0.292 seconds
[2024-03-08 16:29:33,196] {scheduler_job.py:182} INFO - Started process (PID=103) to work on /opt/airflow/dags/data_ingestion_dag/main.py
[2024-03-08 16:29:33,199] {scheduler_job.py:633} INFO - Processing file /opt/airflow/dags/data_ingestion_dag/main.py for tasks to queue
[2024-03-08 16:29:33,200] {logging_mixin.py:104} INFO - [2024-03-08 16:29:33,199] {dagbag.py:496} INFO - Filling up the DagBag from /opt/airflow/dags/data_ingestion_dag/main.py
[2024-03-08 16:29:33,507] {scheduler_job.py:643} INFO - DAG(s) dict_keys(['s3_to_hdfs_on_emr']) retrieved from /opt/airflow/dags/data_ingestion_dag/main.py
[2024-03-08 16:29:33,550] {logging_mixin.py:104} INFO - [2024-03-08 16:29:33,549] {dag.py:1833} INFO - Sync 1 DAGs
[2024-03-08 16:29:33,608] {logging_mixin.py:104} INFO - [2024-03-08 16:29:33,608] {dag.py:2306} INFO - Setting next_dagrun for s3_to_hdfs_on_emr to 2024-03-05T16:00:00+00:00
[2024-03-08 16:29:33,733] {scheduler_job.py:190} INFO - Processing /opt/airflow/dags/data_ingestion_dag/main.py took 0.551 seconds
[2024-03-08 16:30:04,888] {scheduler_job.py:182} INFO - Started process (PID=104) to work on /opt/airflow/dags/data_ingestion_dag/main.py
[2024-03-08 16:30:04,892] {scheduler_job.py:633} INFO - Processing file /opt/airflow/dags/data_ingestion_dag/main.py for tasks to queue
[2024-03-08 16:30:04,894] {logging_mixin.py:104} INFO - [2024-03-08 16:30:04,893] {dagbag.py:496} INFO - Filling up the DagBag from /opt/airflow/dags/data_ingestion_dag/main.py
[2024-03-08 16:30:05,075] {scheduler_job.py:643} INFO - DAG(s) dict_keys(['s3_to_hdfs_on_emr']) retrieved from /opt/airflow/dags/data_ingestion_dag/main.py
[2024-03-08 16:30:05,146] {logging_mixin.py:104} INFO - [2024-03-08 16:30:05,145] {dag.py:1833} INFO - Sync 1 DAGs
[2024-03-08 16:30:05,194] {logging_mixin.py:104} INFO - [2024-03-08 16:30:05,194] {dag.py:2306} INFO - Setting next_dagrun for s3_to_hdfs_on_emr to 2024-03-05T16:00:00+00:00
[2024-03-08 16:30:05,254] {scheduler_job.py:190} INFO - Processing /opt/airflow/dags/data_ingestion_dag/main.py took 0.370 seconds
[2024-03-08 16:30:43,039] {scheduler_job.py:182} INFO - Started process (PID=105) to work on /opt/airflow/dags/data_ingestion_dag/main.py
[2024-03-08 16:30:43,050] {scheduler_job.py:633} INFO - Processing file /opt/airflow/dags/data_ingestion_dag/main.py for tasks to queue
[2024-03-08 16:30:43,133] {logging_mixin.py:104} INFO - [2024-03-08 16:30:43,133] {dagbag.py:496} INFO - Filling up the DagBag from /opt/airflow/dags/data_ingestion_dag/main.py
[2024-03-08 16:30:46,084] {scheduler_job.py:643} INFO - DAG(s) dict_keys(['s3_to_hdfs_on_emr']) retrieved from /opt/airflow/dags/data_ingestion_dag/main.py
[2024-03-08 16:30:46,753] {logging_mixin.py:104} INFO - [2024-03-08 16:30:46,753] {dag.py:1833} INFO - Sync 1 DAGs
[2024-03-08 16:30:48,276] {logging_mixin.py:104} INFO - [2024-03-08 16:30:48,276] {dag.py:2306} INFO - Setting next_dagrun for s3_to_hdfs_on_emr to 2024-03-05T16:00:00+00:00
[2024-03-08 16:30:48,746] {scheduler_job.py:190} INFO - Processing /opt/airflow/dags/data_ingestion_dag/main.py took 5.712 seconds
[2024-03-08 16:33:02,464] {scheduler_job.py:182} INFO - Started process (PID=21) to work on /opt/airflow/dags/data_ingestion_dag/main.py
[2024-03-08 16:33:02,466] {scheduler_job.py:633} INFO - Processing file /opt/airflow/dags/data_ingestion_dag/main.py for tasks to queue
[2024-03-08 16:33:02,468] {logging_mixin.py:104} INFO - [2024-03-08 16:33:02,468] {dagbag.py:496} INFO - Filling up the DagBag from /opt/airflow/dags/data_ingestion_dag/main.py
[2024-03-08 16:33:03,070] {scheduler_job.py:643} INFO - DAG(s) dict_keys(['s3_to_hdfs_on_emr']) retrieved from /opt/airflow/dags/data_ingestion_dag/main.py
[2024-03-08 16:33:03,108] {logging_mixin.py:104} INFO - [2024-03-08 16:33:03,108] {dag.py:1833} INFO - Sync 1 DAGs
[2024-03-08 16:33:03,139] {logging_mixin.py:104} INFO - [2024-03-08 16:33:03,139] {dag.py:2306} INFO - Setting next_dagrun for s3_to_hdfs_on_emr to 2024-03-05T16:00:00+00:00
[2024-03-08 16:33:03,182] {scheduler_job.py:190} INFO - Processing /opt/airflow/dags/data_ingestion_dag/main.py took 0.722 seconds
[2024-03-08 16:33:37,266] {scheduler_job.py:182} INFO - Started process (PID=43) to work on /opt/airflow/dags/data_ingestion_dag/main.py
[2024-03-08 16:33:37,268] {scheduler_job.py:633} INFO - Processing file /opt/airflow/dags/data_ingestion_dag/main.py for tasks to queue
[2024-03-08 16:33:37,269] {logging_mixin.py:104} INFO - [2024-03-08 16:33:37,269] {dagbag.py:496} INFO - Filling up the DagBag from /opt/airflow/dags/data_ingestion_dag/main.py
[2024-03-08 16:33:37,408] {scheduler_job.py:643} INFO - DAG(s) dict_keys(['s3_to_hdfs_on_emr']) retrieved from /opt/airflow/dags/data_ingestion_dag/main.py
[2024-03-08 16:33:37,430] {logging_mixin.py:104} INFO - [2024-03-08 16:33:37,430] {dag.py:1833} INFO - Sync 1 DAGs
[2024-03-08 16:33:37,461] {logging_mixin.py:104} INFO - [2024-03-08 16:33:37,461] {dag.py:2306} INFO - Setting next_dagrun for s3_to_hdfs_on_emr to 2024-03-05T16:00:00+00:00
[2024-03-08 16:33:37,502] {scheduler_job.py:190} INFO - Processing /opt/airflow/dags/data_ingestion_dag/main.py took 0.240 seconds
[2024-03-08 16:34:19,291] {scheduler_job.py:182} INFO - Started process (PID=65) to work on /opt/airflow/dags/data_ingestion_dag/main.py
[2024-03-08 16:34:19,294] {scheduler_job.py:633} INFO - Processing file /opt/airflow/dags/data_ingestion_dag/main.py for tasks to queue
[2024-03-08 16:34:19,295] {logging_mixin.py:104} INFO - [2024-03-08 16:34:19,295] {dagbag.py:496} INFO - Filling up the DagBag from /opt/airflow/dags/data_ingestion_dag/main.py
[2024-03-08 16:34:19,581] {scheduler_job.py:643} INFO - DAG(s) dict_keys(['s3_to_hdfs_on_emr']) retrieved from /opt/airflow/dags/data_ingestion_dag/main.py
[2024-03-08 16:34:19,634] {logging_mixin.py:104} INFO - [2024-03-08 16:34:19,634] {dag.py:1833} INFO - Sync 1 DAGs
[2024-03-08 16:34:19,700] {logging_mixin.py:104} INFO - [2024-03-08 16:34:19,700] {dag.py:2306} INFO - Setting next_dagrun for s3_to_hdfs_on_emr to 2024-03-05T18:00:00+00:00
[2024-03-08 16:34:19,759] {scheduler_job.py:190} INFO - Processing /opt/airflow/dags/data_ingestion_dag/main.py took 0.474 seconds
[2024-03-08 16:34:50,257] {scheduler_job.py:182} INFO - Started process (PID=87) to work on /opt/airflow/dags/data_ingestion_dag/main.py
[2024-03-08 16:34:50,259] {scheduler_job.py:633} INFO - Processing file /opt/airflow/dags/data_ingestion_dag/main.py for tasks to queue
[2024-03-08 16:34:50,260] {logging_mixin.py:104} INFO - [2024-03-08 16:34:50,260] {dagbag.py:496} INFO - Filling up the DagBag from /opt/airflow/dags/data_ingestion_dag/main.py
[2024-03-08 16:34:50,413] {scheduler_job.py:643} INFO - DAG(s) dict_keys(['s3_to_hdfs_on_emr']) retrieved from /opt/airflow/dags/data_ingestion_dag/main.py
[2024-03-08 16:34:50,448] {logging_mixin.py:104} INFO - [2024-03-08 16:34:50,448] {dag.py:1833} INFO - Sync 1 DAGs
[2024-03-08 16:34:50,478] {logging_mixin.py:104} INFO - [2024-03-08 16:34:50,478] {dag.py:2306} INFO - Setting next_dagrun for s3_to_hdfs_on_emr to 2024-03-05T21:00:00+00:00
[2024-03-08 16:34:50,532] {scheduler_job.py:190} INFO - Processing /opt/airflow/dags/data_ingestion_dag/main.py took 0.278 seconds
[2024-03-08 16:35:22,472] {scheduler_job.py:182} INFO - Started process (PID=109) to work on /opt/airflow/dags/data_ingestion_dag/main.py
[2024-03-08 16:35:22,474] {scheduler_job.py:633} INFO - Processing file /opt/airflow/dags/data_ingestion_dag/main.py for tasks to queue
[2024-03-08 16:35:22,475] {logging_mixin.py:104} INFO - [2024-03-08 16:35:22,475] {dagbag.py:496} INFO - Filling up the DagBag from /opt/airflow/dags/data_ingestion_dag/main.py
[2024-03-08 16:35:22,629] {scheduler_job.py:643} INFO - DAG(s) dict_keys(['s3_to_hdfs_on_emr']) retrieved from /opt/airflow/dags/data_ingestion_dag/main.py
[2024-03-08 16:35:22,663] {logging_mixin.py:104} INFO - [2024-03-08 16:35:22,663] {dag.py:1833} INFO - Sync 1 DAGs
[2024-03-08 16:35:22,692] {logging_mixin.py:104} INFO - [2024-03-08 16:35:22,692] {dag.py:2306} INFO - Setting next_dagrun for s3_to_hdfs_on_emr to 2024-03-06T04:00:00+00:00
[2024-03-08 16:35:22,757] {scheduler_job.py:190} INFO - Processing /opt/airflow/dags/data_ingestion_dag/main.py took 0.289 seconds
[2024-03-08 16:35:53,445] {scheduler_job.py:182} INFO - Started process (PID=122) to work on /opt/airflow/dags/data_ingestion_dag/main.py
[2024-03-08 16:35:53,447] {scheduler_job.py:633} INFO - Processing file /opt/airflow/dags/data_ingestion_dag/main.py for tasks to queue
[2024-03-08 16:35:53,449] {logging_mixin.py:104} INFO - [2024-03-08 16:35:53,448] {dagbag.py:496} INFO - Filling up the DagBag from /opt/airflow/dags/data_ingestion_dag/main.py
[2024-03-08 16:35:53,589] {scheduler_job.py:643} INFO - DAG(s) dict_keys(['s3_to_hdfs_on_emr']) retrieved from /opt/airflow/dags/data_ingestion_dag/main.py
[2024-03-08 16:35:53,623] {logging_mixin.py:104} INFO - [2024-03-08 16:35:53,623] {dag.py:1833} INFO - Sync 1 DAGs
[2024-03-08 16:35:53,653] {logging_mixin.py:104} INFO - [2024-03-08 16:35:53,653] {dag.py:2306} INFO - Setting next_dagrun for s3_to_hdfs_on_emr to 2024-03-06T08:00:00+00:00
[2024-03-08 16:35:53,736] {scheduler_job.py:190} INFO - Processing /opt/airflow/dags/data_ingestion_dag/main.py took 0.297 seconds
[2024-03-08 16:36:24,719] {scheduler_job.py:182} INFO - Started process (PID=123) to work on /opt/airflow/dags/data_ingestion_dag/main.py
[2024-03-08 16:36:24,724] {scheduler_job.py:633} INFO - Processing file /opt/airflow/dags/data_ingestion_dag/main.py for tasks to queue
[2024-03-08 16:36:24,727] {logging_mixin.py:104} INFO - [2024-03-08 16:36:24,726] {dagbag.py:496} INFO - Filling up the DagBag from /opt/airflow/dags/data_ingestion_dag/main.py
[2024-03-08 16:36:24,927] {scheduler_job.py:643} INFO - DAG(s) dict_keys(['s3_to_hdfs_on_emr']) retrieved from /opt/airflow/dags/data_ingestion_dag/main.py
[2024-03-08 16:36:24,981] {logging_mixin.py:104} INFO - [2024-03-08 16:36:24,980] {dag.py:1833} INFO - Sync 1 DAGs
[2024-03-08 16:36:25,022] {logging_mixin.py:104} INFO - [2024-03-08 16:36:25,021] {dag.py:2306} INFO - Setting next_dagrun for s3_to_hdfs_on_emr to 2024-03-06T08:00:00+00:00
[2024-03-08 16:36:25,108] {scheduler_job.py:190} INFO - Processing /opt/airflow/dags/data_ingestion_dag/main.py took 0.399 seconds
[2024-03-08 16:36:55,617] {scheduler_job.py:182} INFO - Started process (PID=124) to work on /opt/airflow/dags/data_ingestion_dag/main.py
[2024-03-08 16:36:55,622] {scheduler_job.py:633} INFO - Processing file /opt/airflow/dags/data_ingestion_dag/main.py for tasks to queue
[2024-03-08 16:36:55,624] {logging_mixin.py:104} INFO - [2024-03-08 16:36:55,624] {dagbag.py:496} INFO - Filling up the DagBag from /opt/airflow/dags/data_ingestion_dag/main.py
[2024-03-08 16:36:55,819] {scheduler_job.py:643} INFO - DAG(s) dict_keys(['s3_to_hdfs_on_emr']) retrieved from /opt/airflow/dags/data_ingestion_dag/main.py
[2024-03-08 16:36:55,857] {logging_mixin.py:104} INFO - [2024-03-08 16:36:55,856] {dag.py:1833} INFO - Sync 1 DAGs
[2024-03-08 16:36:55,886] {logging_mixin.py:104} INFO - [2024-03-08 16:36:55,886] {dag.py:2306} INFO - Setting next_dagrun for s3_to_hdfs_on_emr to 2024-03-06T08:00:00+00:00
[2024-03-08 16:36:55,973] {scheduler_job.py:190} INFO - Processing /opt/airflow/dags/data_ingestion_dag/main.py took 0.365 seconds
[2024-03-08 16:37:27,180] {scheduler_job.py:182} INFO - Started process (PID=125) to work on /opt/airflow/dags/data_ingestion_dag/main.py
[2024-03-08 16:37:27,187] {scheduler_job.py:633} INFO - Processing file /opt/airflow/dags/data_ingestion_dag/main.py for tasks to queue
[2024-03-08 16:37:27,196] {logging_mixin.py:104} INFO - [2024-03-08 16:37:27,196] {dagbag.py:496} INFO - Filling up the DagBag from /opt/airflow/dags/data_ingestion_dag/main.py
[2024-03-08 16:37:27,583] {scheduler_job.py:643} INFO - DAG(s) dict_keys(['s3_to_hdfs_on_emr']) retrieved from /opt/airflow/dags/data_ingestion_dag/main.py
[2024-03-08 16:37:27,619] {logging_mixin.py:104} INFO - [2024-03-08 16:37:27,619] {dag.py:1833} INFO - Sync 1 DAGs
[2024-03-08 16:37:27,647] {logging_mixin.py:104} INFO - [2024-03-08 16:37:27,647] {dag.py:2306} INFO - Setting next_dagrun for s3_to_hdfs_on_emr to 2024-03-06T08:00:00+00:00
[2024-03-08 16:37:27,698] {scheduler_job.py:190} INFO - Processing /opt/airflow/dags/data_ingestion_dag/main.py took 0.540 seconds
[2024-03-08 16:37:57,866] {scheduler_job.py:182} INFO - Started process (PID=126) to work on /opt/airflow/dags/data_ingestion_dag/main.py
[2024-03-08 16:37:57,867] {scheduler_job.py:633} INFO - Processing file /opt/airflow/dags/data_ingestion_dag/main.py for tasks to queue
[2024-03-08 16:37:57,869] {logging_mixin.py:104} INFO - [2024-03-08 16:37:57,869] {dagbag.py:496} INFO - Filling up the DagBag from /opt/airflow/dags/data_ingestion_dag/main.py
[2024-03-08 16:37:58,019] {scheduler_job.py:643} INFO - DAG(s) dict_keys(['s3_to_hdfs_on_emr']) retrieved from /opt/airflow/dags/data_ingestion_dag/main.py
[2024-03-08 16:37:58,052] {logging_mixin.py:104} INFO - [2024-03-08 16:37:58,052] {dag.py:1833} INFO - Sync 1 DAGs
[2024-03-08 16:37:58,081] {logging_mixin.py:104} INFO - [2024-03-08 16:37:58,081] {dag.py:2306} INFO - Setting next_dagrun for s3_to_hdfs_on_emr to 2024-03-06T08:00:00+00:00
[2024-03-08 16:37:58,144] {scheduler_job.py:190} INFO - Processing /opt/airflow/dags/data_ingestion_dag/main.py took 0.283 seconds
[2024-03-08 16:38:29,260] {scheduler_job.py:182} INFO - Started process (PID=127) to work on /opt/airflow/dags/data_ingestion_dag/main.py
[2024-03-08 16:38:29,266] {scheduler_job.py:633} INFO - Processing file /opt/airflow/dags/data_ingestion_dag/main.py for tasks to queue
[2024-03-08 16:38:29,270] {logging_mixin.py:104} INFO - [2024-03-08 16:38:29,269] {dagbag.py:496} INFO - Filling up the DagBag from /opt/airflow/dags/data_ingestion_dag/main.py
[2024-03-08 16:38:29,426] {scheduler_job.py:643} INFO - DAG(s) dict_keys(['s3_to_hdfs_on_emr']) retrieved from /opt/airflow/dags/data_ingestion_dag/main.py
[2024-03-08 16:38:29,453] {logging_mixin.py:104} INFO - [2024-03-08 16:38:29,453] {dag.py:1833} INFO - Sync 1 DAGs
[2024-03-08 16:38:29,483] {logging_mixin.py:104} INFO - [2024-03-08 16:38:29,483] {dag.py:2306} INFO - Setting next_dagrun for s3_to_hdfs_on_emr to 2024-03-06T08:00:00+00:00
[2024-03-08 16:38:29,533] {scheduler_job.py:190} INFO - Processing /opt/airflow/dags/data_ingestion_dag/main.py took 0.291 seconds
[2024-03-08 16:39:00,716] {scheduler_job.py:182} INFO - Started process (PID=131) to work on /opt/airflow/dags/data_ingestion_dag/main.py
[2024-03-08 16:39:00,718] {scheduler_job.py:633} INFO - Processing file /opt/airflow/dags/data_ingestion_dag/main.py for tasks to queue
[2024-03-08 16:39:00,719] {logging_mixin.py:104} INFO - [2024-03-08 16:39:00,719] {dagbag.py:496} INFO - Filling up the DagBag from /opt/airflow/dags/data_ingestion_dag/main.py
[2024-03-08 16:39:00,990] {scheduler_job.py:643} INFO - DAG(s) dict_keys(['s3_to_hdfs_on_emr']) retrieved from /opt/airflow/dags/data_ingestion_dag/main.py
[2024-03-08 16:39:01,074] {logging_mixin.py:104} INFO - [2024-03-08 16:39:01,074] {dag.py:1833} INFO - Sync 1 DAGs
[2024-03-08 16:39:01,122] {logging_mixin.py:104} INFO - [2024-03-08 16:39:01,122] {dag.py:2306} INFO - Setting next_dagrun for s3_to_hdfs_on_emr to 2024-03-06T08:00:00+00:00
[2024-03-08 16:39:01,239] {scheduler_job.py:190} INFO - Processing /opt/airflow/dags/data_ingestion_dag/main.py took 0.527 seconds
[2024-03-08 16:39:32,671] {scheduler_job.py:182} INFO - Started process (PID=135) to work on /opt/airflow/dags/data_ingestion_dag/main.py
[2024-03-08 16:39:32,673] {scheduler_job.py:633} INFO - Processing file /opt/airflow/dags/data_ingestion_dag/main.py for tasks to queue
[2024-03-08 16:39:32,674] {logging_mixin.py:104} INFO - [2024-03-08 16:39:32,674] {dagbag.py:496} INFO - Filling up the DagBag from /opt/airflow/dags/data_ingestion_dag/main.py
[2024-03-08 16:39:32,825] {scheduler_job.py:643} INFO - DAG(s) dict_keys(['s3_to_hdfs_on_emr']) retrieved from /opt/airflow/dags/data_ingestion_dag/main.py
[2024-03-08 16:39:32,859] {logging_mixin.py:104} INFO - [2024-03-08 16:39:32,859] {dag.py:1833} INFO - Sync 1 DAGs
[2024-03-08 16:39:32,905] {logging_mixin.py:104} INFO - [2024-03-08 16:39:32,905] {dag.py:2306} INFO - Setting next_dagrun for s3_to_hdfs_on_emr to 2024-03-06T08:00:00+00:00
[2024-03-08 16:39:33,016] {scheduler_job.py:190} INFO - Processing /opt/airflow/dags/data_ingestion_dag/main.py took 0.348 seconds
[2024-03-08 16:40:04,714] {scheduler_job.py:182} INFO - Started process (PID=157) to work on /opt/airflow/dags/data_ingestion_dag/main.py
[2024-03-08 16:40:04,716] {scheduler_job.py:633} INFO - Processing file /opt/airflow/dags/data_ingestion_dag/main.py for tasks to queue
[2024-03-08 16:40:04,718] {logging_mixin.py:104} INFO - [2024-03-08 16:40:04,717] {dagbag.py:496} INFO - Filling up the DagBag from /opt/airflow/dags/data_ingestion_dag/main.py
[2024-03-08 16:40:04,845] {scheduler_job.py:643} INFO - DAG(s) dict_keys(['s3_to_hdfs_on_emr']) retrieved from /opt/airflow/dags/data_ingestion_dag/main.py
[2024-03-08 16:40:04,869] {logging_mixin.py:104} INFO - [2024-03-08 16:40:04,869] {dag.py:1833} INFO - Sync 1 DAGs
[2024-03-08 16:40:04,892] {logging_mixin.py:104} INFO - [2024-03-08 16:40:04,892] {dag.py:2306} INFO - Setting next_dagrun for s3_to_hdfs_on_emr to 2024-03-06T10:00:00+00:00
[2024-03-08 16:40:04,946] {scheduler_job.py:190} INFO - Processing /opt/airflow/dags/data_ingestion_dag/main.py took 0.236 seconds
[2024-03-08 16:40:37,890] {scheduler_job.py:182} INFO - Started process (PID=182) to work on /opt/airflow/dags/data_ingestion_dag/main.py
[2024-03-08 16:40:37,891] {scheduler_job.py:633} INFO - Processing file /opt/airflow/dags/data_ingestion_dag/main.py for tasks to queue
[2024-03-08 16:40:37,892] {logging_mixin.py:104} INFO - [2024-03-08 16:40:37,892] {dagbag.py:496} INFO - Filling up the DagBag from /opt/airflow/dags/data_ingestion_dag/main.py
[2024-03-08 16:40:38,018] {scheduler_job.py:643} INFO - DAG(s) dict_keys(['s3_to_hdfs_on_emr']) retrieved from /opt/airflow/dags/data_ingestion_dag/main.py
[2024-03-08 16:40:38,044] {logging_mixin.py:104} INFO - [2024-03-08 16:40:38,044] {dag.py:1833} INFO - Sync 1 DAGs
[2024-03-08 16:40:38,072] {logging_mixin.py:104} INFO - [2024-03-08 16:40:38,071] {dag.py:2306} INFO - Setting next_dagrun for s3_to_hdfs_on_emr to 2024-03-06T13:00:00+00:00
[2024-03-08 16:40:38,119] {scheduler_job.py:190} INFO - Processing /opt/airflow/dags/data_ingestion_dag/main.py took 0.232 seconds
[2024-03-08 16:41:08,799] {scheduler_job.py:182} INFO - Started process (PID=204) to work on /opt/airflow/dags/data_ingestion_dag/main.py
[2024-03-08 16:41:08,801] {scheduler_job.py:633} INFO - Processing file /opt/airflow/dags/data_ingestion_dag/main.py for tasks to queue
[2024-03-08 16:41:08,802] {logging_mixin.py:104} INFO - [2024-03-08 16:41:08,802] {dagbag.py:496} INFO - Filling up the DagBag from /opt/airflow/dags/data_ingestion_dag/main.py
[2024-03-08 16:41:08,955] {scheduler_job.py:643} INFO - DAG(s) dict_keys(['s3_to_hdfs_on_emr']) retrieved from /opt/airflow/dags/data_ingestion_dag/main.py
[2024-03-08 16:41:08,990] {logging_mixin.py:104} INFO - [2024-03-08 16:41:08,989] {dag.py:1833} INFO - Sync 1 DAGs
[2024-03-08 16:41:09,020] {logging_mixin.py:104} INFO - [2024-03-08 16:41:09,020] {dag.py:2306} INFO - Setting next_dagrun for s3_to_hdfs_on_emr to 2024-03-06T16:00:00+00:00
[2024-03-08 16:41:09,085] {scheduler_job.py:190} INFO - Processing /opt/airflow/dags/data_ingestion_dag/main.py took 0.289 seconds
[2024-03-08 16:41:40,614] {scheduler_job.py:182} INFO - Started process (PID=226) to work on /opt/airflow/dags/data_ingestion_dag/main.py
[2024-03-08 16:41:40,616] {scheduler_job.py:633} INFO - Processing file /opt/airflow/dags/data_ingestion_dag/main.py for tasks to queue
[2024-03-08 16:41:40,618] {logging_mixin.py:104} INFO - [2024-03-08 16:41:40,617] {dagbag.py:496} INFO - Filling up the DagBag from /opt/airflow/dags/data_ingestion_dag/main.py
[2024-03-08 16:41:40,776] {scheduler_job.py:643} INFO - DAG(s) dict_keys(['s3_to_hdfs_on_emr']) retrieved from /opt/airflow/dags/data_ingestion_dag/main.py
[2024-03-08 16:41:40,810] {logging_mixin.py:104} INFO - [2024-03-08 16:41:40,810] {dag.py:1833} INFO - Sync 1 DAGs
[2024-03-08 16:41:40,842] {logging_mixin.py:104} INFO - [2024-03-08 16:41:40,842] {dag.py:2306} INFO - Setting next_dagrun for s3_to_hdfs_on_emr to 2024-03-06T23:00:00+00:00
[2024-03-08 16:41:40,923] {scheduler_job.py:190} INFO - Processing /opt/airflow/dags/data_ingestion_dag/main.py took 0.313 seconds
[2024-03-08 16:42:12,214] {scheduler_job.py:182} INFO - Started process (PID=230) to work on /opt/airflow/dags/data_ingestion_dag/main.py
[2024-03-08 16:42:12,220] {scheduler_job.py:633} INFO - Processing file /opt/airflow/dags/data_ingestion_dag/main.py for tasks to queue
[2024-03-08 16:42:12,223] {logging_mixin.py:104} INFO - [2024-03-08 16:42:12,223] {dagbag.py:496} INFO - Filling up the DagBag from /opt/airflow/dags/data_ingestion_dag/main.py
[2024-03-08 16:42:12,396] {scheduler_job.py:643} INFO - DAG(s) dict_keys(['s3_to_hdfs_on_emr']) retrieved from /opt/airflow/dags/data_ingestion_dag/main.py
[2024-03-08 16:42:12,422] {logging_mixin.py:104} INFO - [2024-03-08 16:42:12,422] {dag.py:1833} INFO - Sync 1 DAGs
[2024-03-08 16:42:12,446] {logging_mixin.py:104} INFO - [2024-03-08 16:42:12,445] {dag.py:2306} INFO - Setting next_dagrun for s3_to_hdfs_on_emr to 2024-03-07T00:00:00+00:00
[2024-03-08 16:42:12,505] {scheduler_job.py:190} INFO - Processing /opt/airflow/dags/data_ingestion_dag/main.py took 0.303 seconds
[2024-03-08 16:42:42,965] {scheduler_job.py:182} INFO - Started process (PID=231) to work on /opt/airflow/dags/data_ingestion_dag/main.py
[2024-03-08 16:42:42,967] {scheduler_job.py:633} INFO - Processing file /opt/airflow/dags/data_ingestion_dag/main.py for tasks to queue
[2024-03-08 16:42:42,968] {logging_mixin.py:104} INFO - [2024-03-08 16:42:42,968] {dagbag.py:496} INFO - Filling up the DagBag from /opt/airflow/dags/data_ingestion_dag/main.py
[2024-03-08 16:42:43,149] {scheduler_job.py:643} INFO - DAG(s) dict_keys(['s3_to_hdfs_on_emr']) retrieved from /opt/airflow/dags/data_ingestion_dag/main.py
[2024-03-08 16:42:43,183] {logging_mixin.py:104} INFO - [2024-03-08 16:42:43,182] {dag.py:1833} INFO - Sync 1 DAGs
[2024-03-08 16:42:43,229] {logging_mixin.py:104} INFO - [2024-03-08 16:42:43,229] {dag.py:2306} INFO - Setting next_dagrun for s3_to_hdfs_on_emr to 2024-03-07T00:00:00+00:00
[2024-03-08 16:42:43,300] {scheduler_job.py:190} INFO - Processing /opt/airflow/dags/data_ingestion_dag/main.py took 0.338 seconds
[2024-03-08 16:43:14,206] {scheduler_job.py:182} INFO - Started process (PID=232) to work on /opt/airflow/dags/data_ingestion_dag/main.py
[2024-03-08 16:43:14,211] {scheduler_job.py:633} INFO - Processing file /opt/airflow/dags/data_ingestion_dag/main.py for tasks to queue
[2024-03-08 16:43:14,214] {logging_mixin.py:104} INFO - [2024-03-08 16:43:14,213] {dagbag.py:496} INFO - Filling up the DagBag from /opt/airflow/dags/data_ingestion_dag/main.py
[2024-03-08 16:43:14,377] {scheduler_job.py:643} INFO - DAG(s) dict_keys(['s3_to_hdfs_on_emr']) retrieved from /opt/airflow/dags/data_ingestion_dag/main.py
[2024-03-08 16:43:14,410] {logging_mixin.py:104} INFO - [2024-03-08 16:43:14,410] {dag.py:1833} INFO - Sync 1 DAGs
[2024-03-08 16:43:14,441] {logging_mixin.py:104} INFO - [2024-03-08 16:43:14,441] {dag.py:2306} INFO - Setting next_dagrun for s3_to_hdfs_on_emr to 2024-03-07T00:00:00+00:00
[2024-03-08 16:43:14,505] {scheduler_job.py:190} INFO - Processing /opt/airflow/dags/data_ingestion_dag/main.py took 0.306 seconds
[2024-03-08 16:43:45,813] {scheduler_job.py:182} INFO - Started process (PID=233) to work on /opt/airflow/dags/data_ingestion_dag/main.py
[2024-03-08 16:43:45,815] {scheduler_job.py:633} INFO - Processing file /opt/airflow/dags/data_ingestion_dag/main.py for tasks to queue
[2024-03-08 16:43:45,816] {logging_mixin.py:104} INFO - [2024-03-08 16:43:45,816] {dagbag.py:496} INFO - Filling up the DagBag from /opt/airflow/dags/data_ingestion_dag/main.py
[2024-03-08 16:43:45,974] {scheduler_job.py:643} INFO - DAG(s) dict_keys(['s3_to_hdfs_on_emr']) retrieved from /opt/airflow/dags/data_ingestion_dag/main.py
[2024-03-08 16:43:46,013] {logging_mixin.py:104} INFO - [2024-03-08 16:43:46,013] {dag.py:1833} INFO - Sync 1 DAGs
[2024-03-08 16:43:46,045] {logging_mixin.py:104} INFO - [2024-03-08 16:43:46,045] {dag.py:2306} INFO - Setting next_dagrun for s3_to_hdfs_on_emr to 2024-03-07T00:00:00+00:00
[2024-03-08 16:43:46,126] {scheduler_job.py:190} INFO - Processing /opt/airflow/dags/data_ingestion_dag/main.py took 0.317 seconds
[2024-03-08 16:44:17,116] {scheduler_job.py:182} INFO - Started process (PID=234) to work on /opt/airflow/dags/data_ingestion_dag/main.py
[2024-03-08 16:44:17,121] {scheduler_job.py:633} INFO - Processing file /opt/airflow/dags/data_ingestion_dag/main.py for tasks to queue
[2024-03-08 16:44:17,123] {logging_mixin.py:104} INFO - [2024-03-08 16:44:17,123] {dagbag.py:496} INFO - Filling up the DagBag from /opt/airflow/dags/data_ingestion_dag/main.py
[2024-03-08 16:44:17,285] {scheduler_job.py:643} INFO - DAG(s) dict_keys(['s3_to_hdfs_on_emr']) retrieved from /opt/airflow/dags/data_ingestion_dag/main.py
[2024-03-08 16:44:17,311] {logging_mixin.py:104} INFO - [2024-03-08 16:44:17,311] {dag.py:1833} INFO - Sync 1 DAGs
[2024-03-08 16:44:17,340] {logging_mixin.py:104} INFO - [2024-03-08 16:44:17,340] {dag.py:2306} INFO - Setting next_dagrun for s3_to_hdfs_on_emr to 2024-03-07T00:00:00+00:00
[2024-03-08 16:44:17,418] {scheduler_job.py:190} INFO - Processing /opt/airflow/dags/data_ingestion_dag/main.py took 0.315 seconds
[2024-03-08 16:44:48,452] {scheduler_job.py:182} INFO - Started process (PID=241) to work on /opt/airflow/dags/data_ingestion_dag/main.py
[2024-03-08 16:44:48,454] {scheduler_job.py:633} INFO - Processing file /opt/airflow/dags/data_ingestion_dag/main.py for tasks to queue
[2024-03-08 16:44:48,456] {logging_mixin.py:104} INFO - [2024-03-08 16:44:48,456] {dagbag.py:496} INFO - Filling up the DagBag from /opt/airflow/dags/data_ingestion_dag/main.py
[2024-03-08 16:44:48,611] {scheduler_job.py:643} INFO - DAG(s) dict_keys(['s3_to_hdfs_on_emr']) retrieved from /opt/airflow/dags/data_ingestion_dag/main.py
[2024-03-08 16:44:48,645] {logging_mixin.py:104} INFO - [2024-03-08 16:44:48,645] {dag.py:1833} INFO - Sync 1 DAGs
[2024-03-08 16:44:48,676] {logging_mixin.py:104} INFO - [2024-03-08 16:44:48,676] {dag.py:2306} INFO - Setting next_dagrun for s3_to_hdfs_on_emr to 2024-03-07T00:00:00+00:00
[2024-03-08 16:44:48,739] {scheduler_job.py:190} INFO - Processing /opt/airflow/dags/data_ingestion_dag/main.py took 0.290 seconds
[2024-03-08 16:45:20,246] {scheduler_job.py:182} INFO - Started process (PID=248) to work on /opt/airflow/dags/data_ingestion_dag/main.py
[2024-03-08 16:45:20,249] {scheduler_job.py:633} INFO - Processing file /opt/airflow/dags/data_ingestion_dag/main.py for tasks to queue
[2024-03-08 16:45:20,252] {logging_mixin.py:104} INFO - [2024-03-08 16:45:20,251] {dagbag.py:496} INFO - Filling up the DagBag from /opt/airflow/dags/data_ingestion_dag/main.py
[2024-03-08 16:45:20,410] {scheduler_job.py:643} INFO - DAG(s) dict_keys(['s3_to_hdfs_on_emr']) retrieved from /opt/airflow/dags/data_ingestion_dag/main.py
[2024-03-08 16:45:20,443] {logging_mixin.py:104} INFO - [2024-03-08 16:45:20,443] {dag.py:1833} INFO - Sync 1 DAGs
[2024-03-08 16:45:20,474] {logging_mixin.py:104} INFO - [2024-03-08 16:45:20,474] {dag.py:2306} INFO - Setting next_dagrun for s3_to_hdfs_on_emr to 2024-03-07T01:00:00+00:00
[2024-03-08 16:45:20,579] {scheduler_job.py:190} INFO - Processing /opt/airflow/dags/data_ingestion_dag/main.py took 0.339 seconds
[2024-03-08 16:45:50,712] {scheduler_job.py:182} INFO - Started process (PID=261) to work on /opt/airflow/dags/data_ingestion_dag/main.py
[2024-03-08 16:45:50,715] {scheduler_job.py:633} INFO - Processing file /opt/airflow/dags/data_ingestion_dag/main.py for tasks to queue
[2024-03-08 16:45:50,722] {logging_mixin.py:104} INFO - [2024-03-08 16:45:50,722] {dagbag.py:496} INFO - Filling up the DagBag from /opt/airflow/dags/data_ingestion_dag/main.py
[2024-03-08 16:45:50,999] {scheduler_job.py:643} INFO - DAG(s) dict_keys(['s3_to_hdfs_on_emr']) retrieved from /opt/airflow/dags/data_ingestion_dag/main.py
[2024-03-08 16:45:51,029] {logging_mixin.py:104} INFO - [2024-03-08 16:45:51,029] {dag.py:1833} INFO - Sync 1 DAGs
[2024-03-08 16:45:51,051] {logging_mixin.py:104} INFO - [2024-03-08 16:45:51,051] {dag.py:2306} INFO - Setting next_dagrun for s3_to_hdfs_on_emr to 2024-03-07T03:00:00+00:00
[2024-03-08 16:45:51,093] {scheduler_job.py:190} INFO - Processing /opt/airflow/dags/data_ingestion_dag/main.py took 0.386 seconds
[2024-03-08 16:46:22,271] {scheduler_job.py:182} INFO - Started process (PID=283) to work on /opt/airflow/dags/data_ingestion_dag/main.py
[2024-03-08 16:46:22,273] {scheduler_job.py:633} INFO - Processing file /opt/airflow/dags/data_ingestion_dag/main.py for tasks to queue
[2024-03-08 16:46:22,275] {logging_mixin.py:104} INFO - [2024-03-08 16:46:22,274] {dagbag.py:496} INFO - Filling up the DagBag from /opt/airflow/dags/data_ingestion_dag/main.py
[2024-03-08 16:46:22,422] {scheduler_job.py:643} INFO - DAG(s) dict_keys(['s3_to_hdfs_on_emr']) retrieved from /opt/airflow/dags/data_ingestion_dag/main.py
[2024-03-08 16:46:22,456] {logging_mixin.py:104} INFO - [2024-03-08 16:46:22,456] {dag.py:1833} INFO - Sync 1 DAGs
[2024-03-08 16:46:22,486] {logging_mixin.py:104} INFO - [2024-03-08 16:46:22,486] {dag.py:2306} INFO - Setting next_dagrun for s3_to_hdfs_on_emr to 2024-03-07T05:00:00+00:00
[2024-03-08 16:46:22,549] {scheduler_job.py:190} INFO - Processing /opt/airflow/dags/data_ingestion_dag/main.py took 0.281 seconds
[2024-03-08 16:46:56,554] {scheduler_job.py:182} INFO - Started process (PID=308) to work on /opt/airflow/dags/data_ingestion_dag/main.py
[2024-03-08 16:46:56,556] {scheduler_job.py:633} INFO - Processing file /opt/airflow/dags/data_ingestion_dag/main.py for tasks to queue
[2024-03-08 16:46:56,558] {logging_mixin.py:104} INFO - [2024-03-08 16:46:56,558] {dagbag.py:496} INFO - Filling up the DagBag from /opt/airflow/dags/data_ingestion_dag/main.py
[2024-03-08 16:46:56,737] {scheduler_job.py:643} INFO - DAG(s) dict_keys(['s3_to_hdfs_on_emr']) retrieved from /opt/airflow/dags/data_ingestion_dag/main.py
[2024-03-08 16:46:56,773] {logging_mixin.py:104} INFO - [2024-03-08 16:46:56,773] {dag.py:1833} INFO - Sync 1 DAGs
[2024-03-08 16:46:56,801] {logging_mixin.py:104} INFO - [2024-03-08 16:46:56,800] {dag.py:2306} INFO - Setting next_dagrun for s3_to_hdfs_on_emr to 2024-03-07T08:00:00+00:00
[2024-03-08 16:46:56,857] {scheduler_job.py:190} INFO - Processing /opt/airflow/dags/data_ingestion_dag/main.py took 0.306 seconds
[2024-03-08 16:47:27,415] {scheduler_job.py:182} INFO - Started process (PID=330) to work on /opt/airflow/dags/data_ingestion_dag/main.py
[2024-03-08 16:47:27,417] {scheduler_job.py:633} INFO - Processing file /opt/airflow/dags/data_ingestion_dag/main.py for tasks to queue
[2024-03-08 16:47:27,418] {logging_mixin.py:104} INFO - [2024-03-08 16:47:27,418] {dagbag.py:496} INFO - Filling up the DagBag from /opt/airflow/dags/data_ingestion_dag/main.py
[2024-03-08 16:47:27,574] {scheduler_job.py:643} INFO - DAG(s) dict_keys(['s3_to_hdfs_on_emr']) retrieved from /opt/airflow/dags/data_ingestion_dag/main.py
[2024-03-08 16:47:27,608] {logging_mixin.py:104} INFO - [2024-03-08 16:47:27,608] {dag.py:1833} INFO - Sync 1 DAGs
[2024-03-08 16:47:27,639] {logging_mixin.py:104} INFO - [2024-03-08 16:47:27,639] {dag.py:2306} INFO - Setting next_dagrun for s3_to_hdfs_on_emr to 2024-03-07T14:00:00+00:00
[2024-03-08 16:47:27,705] {scheduler_job.py:190} INFO - Processing /opt/airflow/dags/data_ingestion_dag/main.py took 0.294 seconds
[2024-03-08 16:47:58,246] {scheduler_job.py:182} INFO - Started process (PID=337) to work on /opt/airflow/dags/data_ingestion_dag/main.py
[2024-03-08 16:47:58,248] {scheduler_job.py:633} INFO - Processing file /opt/airflow/dags/data_ingestion_dag/main.py for tasks to queue
[2024-03-08 16:47:58,249] {logging_mixin.py:104} INFO - [2024-03-08 16:47:58,249] {dagbag.py:496} INFO - Filling up the DagBag from /opt/airflow/dags/data_ingestion_dag/main.py
[2024-03-08 16:47:58,397] {scheduler_job.py:643} INFO - DAG(s) dict_keys(['s3_to_hdfs_on_emr']) retrieved from /opt/airflow/dags/data_ingestion_dag/main.py
[2024-03-08 16:47:58,435] {logging_mixin.py:104} INFO - [2024-03-08 16:47:58,435] {dag.py:1833} INFO - Sync 1 DAGs
[2024-03-08 16:47:58,466] {logging_mixin.py:104} INFO - [2024-03-08 16:47:58,466] {dag.py:2306} INFO - Setting next_dagrun for s3_to_hdfs_on_emr to 2024-03-07T16:00:00+00:00
[2024-03-08 16:47:58,550] {scheduler_job.py:190} INFO - Processing /opt/airflow/dags/data_ingestion_dag/main.py took 0.308 seconds
[2024-03-08 16:48:30,033] {scheduler_job.py:182} INFO - Started process (PID=338) to work on /opt/airflow/dags/data_ingestion_dag/main.py
[2024-03-08 16:48:30,035] {scheduler_job.py:633} INFO - Processing file /opt/airflow/dags/data_ingestion_dag/main.py for tasks to queue
[2024-03-08 16:48:30,037] {logging_mixin.py:104} INFO - [2024-03-08 16:48:30,036] {dagbag.py:496} INFO - Filling up the DagBag from /opt/airflow/dags/data_ingestion_dag/main.py
[2024-03-08 16:48:30,201] {scheduler_job.py:643} INFO - DAG(s) dict_keys(['s3_to_hdfs_on_emr']) retrieved from /opt/airflow/dags/data_ingestion_dag/main.py
[2024-03-08 16:48:30,235] {logging_mixin.py:104} INFO - [2024-03-08 16:48:30,235] {dag.py:1833} INFO - Sync 1 DAGs
[2024-03-08 16:48:30,267] {logging_mixin.py:104} INFO - [2024-03-08 16:48:30,266] {dag.py:2306} INFO - Setting next_dagrun for s3_to_hdfs_on_emr to 2024-03-07T16:00:00+00:00
[2024-03-08 16:48:30,354] {scheduler_job.py:190} INFO - Processing /opt/airflow/dags/data_ingestion_dag/main.py took 0.333 seconds
[2024-03-08 16:49:01,871] {scheduler_job.py:182} INFO - Started process (PID=339) to work on /opt/airflow/dags/data_ingestion_dag/main.py
[2024-03-08 16:49:01,876] {scheduler_job.py:633} INFO - Processing file /opt/airflow/dags/data_ingestion_dag/main.py for tasks to queue
[2024-03-08 16:49:01,878] {logging_mixin.py:104} INFO - [2024-03-08 16:49:01,878] {dagbag.py:496} INFO - Filling up the DagBag from /opt/airflow/dags/data_ingestion_dag/main.py
[2024-03-08 16:49:02,044] {scheduler_job.py:643} INFO - DAG(s) dict_keys(['s3_to_hdfs_on_emr']) retrieved from /opt/airflow/dags/data_ingestion_dag/main.py
[2024-03-08 16:49:02,077] {logging_mixin.py:104} INFO - [2024-03-08 16:49:02,077] {dag.py:1833} INFO - Sync 1 DAGs
[2024-03-08 16:49:02,109] {logging_mixin.py:104} INFO - [2024-03-08 16:49:02,109] {dag.py:2306} INFO - Setting next_dagrun for s3_to_hdfs_on_emr to 2024-03-07T16:00:00+00:00
[2024-03-08 16:49:02,207] {scheduler_job.py:190} INFO - Processing /opt/airflow/dags/data_ingestion_dag/main.py took 0.342 seconds
[2024-03-08 16:49:32,803] {scheduler_job.py:182} INFO - Started process (PID=340) to work on /opt/airflow/dags/data_ingestion_dag/main.py
[2024-03-08 16:49:32,806] {scheduler_job.py:633} INFO - Processing file /opt/airflow/dags/data_ingestion_dag/main.py for tasks to queue
[2024-03-08 16:49:32,807] {logging_mixin.py:104} INFO - [2024-03-08 16:49:32,807] {dagbag.py:496} INFO - Filling up the DagBag from /opt/airflow/dags/data_ingestion_dag/main.py
[2024-03-08 16:49:32,972] {scheduler_job.py:643} INFO - DAG(s) dict_keys(['s3_to_hdfs_on_emr']) retrieved from /opt/airflow/dags/data_ingestion_dag/main.py
[2024-03-08 16:49:32,998] {logging_mixin.py:104} INFO - [2024-03-08 16:49:32,998] {dag.py:1833} INFO - Sync 1 DAGs
[2024-03-08 16:49:33,021] {logging_mixin.py:104} INFO - [2024-03-08 16:49:33,021] {dag.py:2306} INFO - Setting next_dagrun for s3_to_hdfs_on_emr to 2024-03-07T16:00:00+00:00
[2024-03-08 16:49:33,122] {scheduler_job.py:190} INFO - Processing /opt/airflow/dags/data_ingestion_dag/main.py took 0.325 seconds
[2024-03-08 16:50:04,148] {scheduler_job.py:182} INFO - Started process (PID=344) to work on /opt/airflow/dags/data_ingestion_dag/main.py
[2024-03-08 16:50:04,151] {scheduler_job.py:633} INFO - Processing file /opt/airflow/dags/data_ingestion_dag/main.py for tasks to queue
[2024-03-08 16:50:04,153] {logging_mixin.py:104} INFO - [2024-03-08 16:50:04,153] {dagbag.py:496} INFO - Filling up the DagBag from /opt/airflow/dags/data_ingestion_dag/main.py
[2024-03-08 16:50:04,305] {scheduler_job.py:643} INFO - DAG(s) dict_keys(['s3_to_hdfs_on_emr']) retrieved from /opt/airflow/dags/data_ingestion_dag/main.py
[2024-03-08 16:50:04,338] {logging_mixin.py:104} INFO - [2024-03-08 16:50:04,338] {dag.py:1833} INFO - Sync 1 DAGs
[2024-03-08 16:50:04,383] {logging_mixin.py:104} INFO - [2024-03-08 16:50:04,382] {dag.py:2306} INFO - Setting next_dagrun for s3_to_hdfs_on_emr to 2024-03-07T16:00:00+00:00
[2024-03-08 16:50:04,442] {scheduler_job.py:190} INFO - Processing /opt/airflow/dags/data_ingestion_dag/main.py took 0.297 seconds
[2024-03-08 16:50:38,644] {scheduler_job.py:182} INFO - Started process (PID=354) to work on /opt/airflow/dags/data_ingestion_dag/main.py
[2024-03-08 16:50:38,646] {scheduler_job.py:633} INFO - Processing file /opt/airflow/dags/data_ingestion_dag/main.py for tasks to queue
[2024-03-08 16:50:38,648] {logging_mixin.py:104} INFO - [2024-03-08 16:50:38,647] {dagbag.py:496} INFO - Filling up the DagBag from /opt/airflow/dags/data_ingestion_dag/main.py
[2024-03-08 16:50:38,800] {scheduler_job.py:643} INFO - DAG(s) dict_keys(['s3_to_hdfs_on_emr']) retrieved from /opt/airflow/dags/data_ingestion_dag/main.py
[2024-03-08 16:50:38,834] {logging_mixin.py:104} INFO - [2024-03-08 16:50:38,834] {dag.py:1833} INFO - Sync 1 DAGs
[2024-03-08 16:50:38,868] {logging_mixin.py:104} INFO - [2024-03-08 16:50:38,868] {dag.py:2306} INFO - Setting next_dagrun for s3_to_hdfs_on_emr to 2024-03-07T17:00:00+00:00
[2024-03-08 16:50:38,954] {scheduler_job.py:190} INFO - Processing /opt/airflow/dags/data_ingestion_dag/main.py took 0.313 seconds
[2024-03-08 16:51:10,300] {scheduler_job.py:182} INFO - Started process (PID=364) to work on /opt/airflow/dags/data_ingestion_dag/main.py
[2024-03-08 16:51:10,302] {scheduler_job.py:633} INFO - Processing file /opt/airflow/dags/data_ingestion_dag/main.py for tasks to queue
[2024-03-08 16:51:10,304] {logging_mixin.py:104} INFO - [2024-03-08 16:51:10,304] {dagbag.py:496} INFO - Filling up the DagBag from /opt/airflow/dags/data_ingestion_dag/main.py
[2024-03-08 16:51:10,455] {scheduler_job.py:643} INFO - DAG(s) dict_keys(['s3_to_hdfs_on_emr']) retrieved from /opt/airflow/dags/data_ingestion_dag/main.py
[2024-03-08 16:51:10,484] {logging_mixin.py:104} INFO - [2024-03-08 16:51:10,484] {dag.py:1833} INFO - Sync 1 DAGs
[2024-03-08 16:51:10,512] {logging_mixin.py:104} INFO - [2024-03-08 16:51:10,512] {dag.py:2306} INFO - Setting next_dagrun for s3_to_hdfs_on_emr to 2024-03-07T18:00:00+00:00
[2024-03-08 16:51:10,584] {scheduler_job.py:190} INFO - Processing /opt/airflow/dags/data_ingestion_dag/main.py took 0.288 seconds
[2024-03-08 16:51:41,303] {scheduler_job.py:182} INFO - Started process (PID=377) to work on /opt/airflow/dags/data_ingestion_dag/main.py
[2024-03-08 16:51:41,305] {scheduler_job.py:633} INFO - Processing file /opt/airflow/dags/data_ingestion_dag/main.py for tasks to queue
[2024-03-08 16:51:41,307] {logging_mixin.py:104} INFO - [2024-03-08 16:51:41,307] {dagbag.py:496} INFO - Filling up the DagBag from /opt/airflow/dags/data_ingestion_dag/main.py
[2024-03-08 16:51:41,453] {scheduler_job.py:643} INFO - DAG(s) dict_keys(['s3_to_hdfs_on_emr']) retrieved from /opt/airflow/dags/data_ingestion_dag/main.py
[2024-03-08 16:51:41,483] {logging_mixin.py:104} INFO - [2024-03-08 16:51:41,483] {dag.py:1833} INFO - Sync 1 DAGs
[2024-03-08 16:51:41,510] {logging_mixin.py:104} INFO - [2024-03-08 16:51:41,510] {dag.py:2306} INFO - Setting next_dagrun for s3_to_hdfs_on_emr to 2024-03-07T21:00:00+00:00
[2024-03-08 16:51:41,560] {scheduler_job.py:190} INFO - Processing /opt/airflow/dags/data_ingestion_dag/main.py took 0.261 seconds
[2024-03-08 16:52:13,959] {scheduler_job.py:182} INFO - Started process (PID=393) to work on /opt/airflow/dags/data_ingestion_dag/main.py
[2024-03-08 16:52:13,961] {scheduler_job.py:633} INFO - Processing file /opt/airflow/dags/data_ingestion_dag/main.py for tasks to queue
[2024-03-08 16:52:13,962] {logging_mixin.py:104} INFO - [2024-03-08 16:52:13,962] {dagbag.py:496} INFO - Filling up the DagBag from /opt/airflow/dags/data_ingestion_dag/main.py
[2024-03-08 16:52:14,325] {scheduler_job.py:643} INFO - DAG(s) dict_keys(['s3_to_hdfs_on_emr']) retrieved from /opt/airflow/dags/data_ingestion_dag/main.py
[2024-03-08 16:52:14,359] {logging_mixin.py:104} INFO - [2024-03-08 16:52:14,359] {dag.py:1833} INFO - Sync 1 DAGs
[2024-03-08 16:52:14,387] {logging_mixin.py:104} INFO - [2024-03-08 16:52:14,386] {dag.py:2306} INFO - Setting next_dagrun for s3_to_hdfs_on_emr to 2024-03-07T22:00:00+00:00
[2024-03-08 16:52:14,430] {scheduler_job.py:190} INFO - Processing /opt/airflow/dags/data_ingestion_dag/main.py took 0.474 seconds
[2024-03-08 16:52:48,953] {scheduler_job.py:182} INFO - Started process (PID=418) to work on /opt/airflow/dags/data_ingestion_dag/main.py
[2024-03-08 16:52:48,955] {scheduler_job.py:633} INFO - Processing file /opt/airflow/dags/data_ingestion_dag/main.py for tasks to queue
[2024-03-08 16:52:48,956] {logging_mixin.py:104} INFO - [2024-03-08 16:52:48,956] {dagbag.py:496} INFO - Filling up the DagBag from /opt/airflow/dags/data_ingestion_dag/main.py
[2024-03-08 16:52:49,083] {scheduler_job.py:643} INFO - DAG(s) dict_keys(['s3_to_hdfs_on_emr']) retrieved from /opt/airflow/dags/data_ingestion_dag/main.py
[2024-03-08 16:52:49,117] {logging_mixin.py:104} INFO - [2024-03-08 16:52:49,117] {dag.py:1833} INFO - Sync 1 DAGs
[2024-03-08 16:52:49,150] {logging_mixin.py:104} INFO - [2024-03-08 16:52:49,149] {dag.py:2306} INFO - Setting next_dagrun for s3_to_hdfs_on_emr to 2024-03-08T01:00:00+00:00
[2024-03-08 16:52:49,228] {scheduler_job.py:190} INFO - Processing /opt/airflow/dags/data_ingestion_dag/main.py took 0.279 seconds
[2024-03-08 16:53:22,542] {scheduler_job.py:182} INFO - Started process (PID=440) to work on /opt/airflow/dags/data_ingestion_dag/main.py
[2024-03-08 16:53:22,544] {scheduler_job.py:633} INFO - Processing file /opt/airflow/dags/data_ingestion_dag/main.py for tasks to queue
[2024-03-08 16:53:22,545] {logging_mixin.py:104} INFO - [2024-03-08 16:53:22,545] {dagbag.py:496} INFO - Filling up the DagBag from /opt/airflow/dags/data_ingestion_dag/main.py
[2024-03-08 16:53:22,701] {scheduler_job.py:643} INFO - DAG(s) dict_keys(['s3_to_hdfs_on_emr']) retrieved from /opt/airflow/dags/data_ingestion_dag/main.py
[2024-03-08 16:53:22,734] {logging_mixin.py:104} INFO - [2024-03-08 16:53:22,733] {dag.py:1833} INFO - Sync 1 DAGs
[2024-03-08 16:53:22,766] {logging_mixin.py:104} INFO - [2024-03-08 16:53:22,766] {dag.py:2306} INFO - Setting next_dagrun for s3_to_hdfs_on_emr to 2024-03-08T07:00:00+00:00
[2024-03-08 16:53:22,823] {scheduler_job.py:190} INFO - Processing /opt/airflow/dags/data_ingestion_dag/main.py took 0.285 seconds
[2024-03-08 16:53:54,280] {scheduler_job.py:182} INFO - Started process (PID=444) to work on /opt/airflow/dags/data_ingestion_dag/main.py
[2024-03-08 16:53:54,283] {scheduler_job.py:633} INFO - Processing file /opt/airflow/dags/data_ingestion_dag/main.py for tasks to queue
[2024-03-08 16:53:54,285] {logging_mixin.py:104} INFO - [2024-03-08 16:53:54,284] {dagbag.py:496} INFO - Filling up the DagBag from /opt/airflow/dags/data_ingestion_dag/main.py
[2024-03-08 16:53:54,480] {scheduler_job.py:643} INFO - DAG(s) dict_keys(['s3_to_hdfs_on_emr']) retrieved from /opt/airflow/dags/data_ingestion_dag/main.py
[2024-03-08 16:53:54,503] {logging_mixin.py:104} INFO - [2024-03-08 16:53:54,503] {dag.py:1833} INFO - Sync 1 DAGs
[2024-03-08 16:53:54,526] {logging_mixin.py:104} INFO - [2024-03-08 16:53:54,526] {dag.py:2306} INFO - Setting next_dagrun for s3_to_hdfs_on_emr to 2024-03-08T08:00:00+00:00
[2024-03-08 16:53:54,568] {scheduler_job.py:190} INFO - Processing /opt/airflow/dags/data_ingestion_dag/main.py took 0.305 seconds
[2024-03-08 16:54:24,797] {scheduler_job.py:182} INFO - Started process (PID=445) to work on /opt/airflow/dags/data_ingestion_dag/main.py
[2024-03-08 16:54:24,799] {scheduler_job.py:633} INFO - Processing file /opt/airflow/dags/data_ingestion_dag/main.py for tasks to queue
[2024-03-08 16:54:24,800] {logging_mixin.py:104} INFO - [2024-03-08 16:54:24,800] {dagbag.py:496} INFO - Filling up the DagBag from /opt/airflow/dags/data_ingestion_dag/main.py
[2024-03-08 16:54:24,954] {scheduler_job.py:643} INFO - DAG(s) dict_keys(['s3_to_hdfs_on_emr']) retrieved from /opt/airflow/dags/data_ingestion_dag/main.py
[2024-03-08 16:54:24,982] {logging_mixin.py:104} INFO - [2024-03-08 16:54:24,982] {dag.py:1833} INFO - Sync 1 DAGs
[2024-03-08 16:54:25,014] {logging_mixin.py:104} INFO - [2024-03-08 16:54:25,013] {dag.py:2306} INFO - Setting next_dagrun for s3_to_hdfs_on_emr to 2024-03-08T08:00:00+00:00
[2024-03-08 16:54:25,074] {scheduler_job.py:190} INFO - Processing /opt/airflow/dags/data_ingestion_dag/main.py took 0.281 seconds
[2024-03-08 16:54:55,657] {scheduler_job.py:182} INFO - Started process (PID=446) to work on /opt/airflow/dags/data_ingestion_dag/main.py
[2024-03-08 16:54:55,659] {scheduler_job.py:633} INFO - Processing file /opt/airflow/dags/data_ingestion_dag/main.py for tasks to queue
[2024-03-08 16:54:55,660] {logging_mixin.py:104} INFO - [2024-03-08 16:54:55,660] {dagbag.py:496} INFO - Filling up the DagBag from /opt/airflow/dags/data_ingestion_dag/main.py
[2024-03-08 16:54:55,795] {scheduler_job.py:643} INFO - DAG(s) dict_keys(['s3_to_hdfs_on_emr']) retrieved from /opt/airflow/dags/data_ingestion_dag/main.py
[2024-03-08 16:54:55,822] {logging_mixin.py:104} INFO - [2024-03-08 16:54:55,821] {dag.py:1833} INFO - Sync 1 DAGs
[2024-03-08 16:54:55,844] {logging_mixin.py:104} INFO - [2024-03-08 16:54:55,844] {dag.py:2306} INFO - Setting next_dagrun for s3_to_hdfs_on_emr to 2024-03-08T08:00:00+00:00
[2024-03-08 16:54:55,917] {scheduler_job.py:190} INFO - Processing /opt/airflow/dags/data_ingestion_dag/main.py took 0.264 seconds
[2024-03-08 16:55:27,134] {scheduler_job.py:182} INFO - Started process (PID=450) to work on /opt/airflow/dags/data_ingestion_dag/main.py
[2024-03-08 16:55:27,137] {scheduler_job.py:633} INFO - Processing file /opt/airflow/dags/data_ingestion_dag/main.py for tasks to queue
[2024-03-08 16:55:27,139] {logging_mixin.py:104} INFO - [2024-03-08 16:55:27,138] {dagbag.py:496} INFO - Filling up the DagBag from /opt/airflow/dags/data_ingestion_dag/main.py
[2024-03-08 16:55:27,351] {scheduler_job.py:643} INFO - DAG(s) dict_keys(['s3_to_hdfs_on_emr']) retrieved from /opt/airflow/dags/data_ingestion_dag/main.py
[2024-03-08 16:55:27,386] {logging_mixin.py:104} INFO - [2024-03-08 16:55:27,386] {dag.py:1833} INFO - Sync 1 DAGs
[2024-03-08 16:55:27,418] {logging_mixin.py:104} INFO - [2024-03-08 16:55:27,418] {dag.py:2306} INFO - Setting next_dagrun for s3_to_hdfs_on_emr to 2024-03-08T08:00:00+00:00
[2024-03-08 16:55:27,539] {scheduler_job.py:190} INFO - Processing /opt/airflow/dags/data_ingestion_dag/main.py took 0.410 seconds
[2024-03-08 16:55:57,994] {scheduler_job.py:182} INFO - Started process (PID=457) to work on /opt/airflow/dags/data_ingestion_dag/main.py
[2024-03-08 16:55:57,997] {scheduler_job.py:633} INFO - Processing file /opt/airflow/dags/data_ingestion_dag/main.py for tasks to queue
[2024-03-08 16:55:57,998] {logging_mixin.py:104} INFO - [2024-03-08 16:55:57,998] {dagbag.py:496} INFO - Filling up the DagBag from /opt/airflow/dags/data_ingestion_dag/main.py
[2024-03-08 16:55:58,155] {scheduler_job.py:643} INFO - DAG(s) dict_keys(['s3_to_hdfs_on_emr']) retrieved from /opt/airflow/dags/data_ingestion_dag/main.py
[2024-03-08 16:55:58,186] {logging_mixin.py:104} INFO - [2024-03-08 16:55:58,186] {dag.py:1833} INFO - Sync 1 DAGs
[2024-03-08 16:55:58,217] {logging_mixin.py:104} INFO - [2024-03-08 16:55:58,216] {dag.py:2306} INFO - Setting next_dagrun for s3_to_hdfs_on_emr to 2024-03-08T09:00:00+00:00
[2024-03-08 16:55:58,284] {scheduler_job.py:190} INFO - Processing /opt/airflow/dags/data_ingestion_dag/main.py took 0.294 seconds
[2024-03-08 16:56:29,281] {scheduler_job.py:182} INFO - Started process (PID=470) to work on /opt/airflow/dags/data_ingestion_dag/main.py
[2024-03-08 16:56:29,283] {scheduler_job.py:633} INFO - Processing file /opt/airflow/dags/data_ingestion_dag/main.py for tasks to queue
[2024-03-08 16:56:29,285] {logging_mixin.py:104} INFO - [2024-03-08 16:56:29,285] {dagbag.py:496} INFO - Filling up the DagBag from /opt/airflow/dags/data_ingestion_dag/main.py
[2024-03-08 16:56:29,536] {scheduler_job.py:643} INFO - DAG(s) dict_keys(['s3_to_hdfs_on_emr']) retrieved from /opt/airflow/dags/data_ingestion_dag/main.py
[2024-03-08 16:56:29,576] {logging_mixin.py:104} INFO - [2024-03-08 16:56:29,576] {dag.py:1833} INFO - Sync 1 DAGs
[2024-03-08 16:56:29,604] {logging_mixin.py:104} INFO - [2024-03-08 16:56:29,604] {dag.py:2306} INFO - Setting next_dagrun for s3_to_hdfs_on_emr to 2024-03-08T10:00:00+00:00
[2024-03-08 16:56:29,653] {scheduler_job.py:190} INFO - Processing /opt/airflow/dags/data_ingestion_dag/main.py took 0.375 seconds
[2024-03-08 16:57:00,082] {scheduler_job.py:182} INFO - Started process (PID=477) to work on /opt/airflow/dags/data_ingestion_dag/main.py
[2024-03-08 16:57:00,086] {scheduler_job.py:633} INFO - Processing file /opt/airflow/dags/data_ingestion_dag/main.py for tasks to queue
[2024-03-08 16:57:00,087] {logging_mixin.py:104} INFO - [2024-03-08 16:57:00,087] {dagbag.py:496} INFO - Filling up the DagBag from /opt/airflow/dags/data_ingestion_dag/main.py
[2024-03-08 16:57:00,257] {scheduler_job.py:643} INFO - DAG(s) dict_keys(['s3_to_hdfs_on_emr']) retrieved from /opt/airflow/dags/data_ingestion_dag/main.py
[2024-03-08 16:57:00,292] {logging_mixin.py:104} INFO - [2024-03-08 16:57:00,292] {dag.py:1833} INFO - Sync 1 DAGs
[2024-03-08 16:57:00,324] {logging_mixin.py:104} INFO - [2024-03-08 16:57:00,324] {dag.py:2306} INFO - Setting next_dagrun for s3_to_hdfs_on_emr to 2024-03-08T11:00:00+00:00
[2024-03-08 16:57:00,420] {scheduler_job.py:190} INFO - Processing /opt/airflow/dags/data_ingestion_dag/main.py took 0.345 seconds
[2024-03-08 16:57:30,874] {scheduler_job.py:182} INFO - Started process (PID=490) to work on /opt/airflow/dags/data_ingestion_dag/main.py
[2024-03-08 16:57:30,877] {scheduler_job.py:633} INFO - Processing file /opt/airflow/dags/data_ingestion_dag/main.py for tasks to queue
[2024-03-08 16:57:30,879] {logging_mixin.py:104} INFO - [2024-03-08 16:57:30,879] {dagbag.py:496} INFO - Filling up the DagBag from /opt/airflow/dags/data_ingestion_dag/main.py
[2024-03-08 16:57:31,009] {scheduler_job.py:643} INFO - DAG(s) dict_keys(['s3_to_hdfs_on_emr']) retrieved from /opt/airflow/dags/data_ingestion_dag/main.py
[2024-03-08 16:57:31,032] {logging_mixin.py:104} INFO - [2024-03-08 16:57:31,032] {dag.py:1833} INFO - Sync 1 DAGs
[2024-03-08 16:57:31,055] {logging_mixin.py:104} INFO - [2024-03-08 16:57:31,055] {dag.py:2306} INFO - Setting next_dagrun for s3_to_hdfs_on_emr to 2024-03-08T14:00:00+00:00
[2024-03-08 16:57:31,133] {scheduler_job.py:190} INFO - Processing /opt/airflow/dags/data_ingestion_dag/main.py took 0.266 seconds
[2024-03-08 16:58:01,821] {scheduler_job.py:182} INFO - Started process (PID=503) to work on /opt/airflow/dags/data_ingestion_dag/main.py
[2024-03-08 16:58:01,823] {scheduler_job.py:633} INFO - Processing file /opt/airflow/dags/data_ingestion_dag/main.py for tasks to queue
[2024-03-08 16:58:01,824] {logging_mixin.py:104} INFO - [2024-03-08 16:58:01,824] {dagbag.py:496} INFO - Filling up the DagBag from /opt/airflow/dags/data_ingestion_dag/main.py
[2024-03-08 16:58:01,978] {scheduler_job.py:643} INFO - DAG(s) dict_keys(['s3_to_hdfs_on_emr']) retrieved from /opt/airflow/dags/data_ingestion_dag/main.py
[2024-03-08 16:58:02,024] {logging_mixin.py:104} INFO - [2024-03-08 16:58:02,024] {dag.py:1833} INFO - Sync 1 DAGs
[2024-03-08 16:58:02,065] {logging_mixin.py:104} INFO - [2024-03-08 16:58:02,065] {dag.py:2306} INFO - Setting next_dagrun for s3_to_hdfs_on_emr to 2024-03-08T15:00:00+00:00
[2024-03-08 16:58:02,133] {scheduler_job.py:190} INFO - Processing /opt/airflow/dags/data_ingestion_dag/main.py took 0.316 seconds
[2024-03-08 16:58:34,060] {scheduler_job.py:182} INFO - Started process (PID=525) to work on /opt/airflow/dags/data_ingestion_dag/main.py
[2024-03-08 16:58:34,062] {scheduler_job.py:633} INFO - Processing file /opt/airflow/dags/data_ingestion_dag/main.py for tasks to queue
[2024-03-08 16:58:34,063] {logging_mixin.py:104} INFO - [2024-03-08 16:58:34,063] {dagbag.py:496} INFO - Filling up the DagBag from /opt/airflow/dags/data_ingestion_dag/main.py
[2024-03-08 16:58:34,205] {scheduler_job.py:643} INFO - DAG(s) dict_keys(['s3_to_hdfs_on_emr']) retrieved from /opt/airflow/dags/data_ingestion_dag/main.py
[2024-03-08 16:58:34,236] {logging_mixin.py:104} INFO - [2024-03-08 16:58:34,236] {dag.py:1833} INFO - Sync 1 DAGs
[2024-03-08 16:58:34,268] {logging_mixin.py:104} INFO - [2024-03-08 16:58:34,268] {dag.py:2306} INFO - Setting next_dagrun for s3_to_hdfs_on_emr to 2024-03-08T16:00:00+00:00
[2024-03-08 16:58:34,358] {scheduler_job.py:190} INFO - Processing /opt/airflow/dags/data_ingestion_dag/main.py took 0.301 seconds
[2024-03-08 16:59:04,589] {scheduler_job.py:182} INFO - Started process (PID=526) to work on /opt/airflow/dags/data_ingestion_dag/main.py
[2024-03-08 16:59:04,591] {scheduler_job.py:633} INFO - Processing file /opt/airflow/dags/data_ingestion_dag/main.py for tasks to queue
[2024-03-08 16:59:04,592] {logging_mixin.py:104} INFO - [2024-03-08 16:59:04,592] {dagbag.py:496} INFO - Filling up the DagBag from /opt/airflow/dags/data_ingestion_dag/main.py
[2024-03-08 16:59:04,720] {scheduler_job.py:643} INFO - DAG(s) dict_keys(['s3_to_hdfs_on_emr']) retrieved from /opt/airflow/dags/data_ingestion_dag/main.py
[2024-03-08 16:59:04,747] {logging_mixin.py:104} INFO - [2024-03-08 16:59:04,747] {dag.py:1833} INFO - Sync 1 DAGs
[2024-03-08 16:59:04,779] {logging_mixin.py:104} INFO - [2024-03-08 16:59:04,779] {dag.py:2306} INFO - Setting next_dagrun for s3_to_hdfs_on_emr to 2024-03-08T16:00:00+00:00
[2024-03-08 16:59:04,865] {scheduler_job.py:190} INFO - Processing /opt/airflow/dags/data_ingestion_dag/main.py took 0.280 seconds
[2024-03-08 16:59:35,667] {scheduler_job.py:182} INFO - Started process (PID=527) to work on /opt/airflow/dags/data_ingestion_dag/main.py
[2024-03-08 16:59:35,671] {scheduler_job.py:633} INFO - Processing file /opt/airflow/dags/data_ingestion_dag/main.py for tasks to queue
[2024-03-08 16:59:35,675] {logging_mixin.py:104} INFO - [2024-03-08 16:59:35,674] {dagbag.py:496} INFO - Filling up the DagBag from /opt/airflow/dags/data_ingestion_dag/main.py
[2024-03-08 16:59:35,886] {scheduler_job.py:643} INFO - DAG(s) dict_keys(['s3_to_hdfs_on_emr']) retrieved from /opt/airflow/dags/data_ingestion_dag/main.py
[2024-03-08 16:59:35,912] {logging_mixin.py:104} INFO - [2024-03-08 16:59:35,912] {dag.py:1833} INFO - Sync 1 DAGs
[2024-03-08 16:59:35,935] {logging_mixin.py:104} INFO - [2024-03-08 16:59:35,935] {dag.py:2306} INFO - Setting next_dagrun for s3_to_hdfs_on_emr to 2024-03-08T16:00:00+00:00
[2024-03-08 16:59:35,985] {scheduler_job.py:190} INFO - Processing /opt/airflow/dags/data_ingestion_dag/main.py took 0.323 seconds
[2024-03-08 17:00:06,152] {scheduler_job.py:182} INFO - Started process (PID=531) to work on /opt/airflow/dags/data_ingestion_dag/main.py
[2024-03-08 17:00:06,154] {scheduler_job.py:633} INFO - Processing file /opt/airflow/dags/data_ingestion_dag/main.py for tasks to queue
[2024-03-08 17:00:06,156] {logging_mixin.py:104} INFO - [2024-03-08 17:00:06,156] {dagbag.py:496} INFO - Filling up the DagBag from /opt/airflow/dags/data_ingestion_dag/main.py
[2024-03-08 17:00:06,326] {scheduler_job.py:643} INFO - DAG(s) dict_keys(['s3_to_hdfs_on_emr']) retrieved from /opt/airflow/dags/data_ingestion_dag/main.py
[2024-03-08 17:00:06,359] {logging_mixin.py:104} INFO - [2024-03-08 17:00:06,359] {dag.py:1833} INFO - Sync 1 DAGs
[2024-03-08 17:00:06,390] {logging_mixin.py:104} INFO - [2024-03-08 17:00:06,390] {dag.py:2306} INFO - Setting next_dagrun for s3_to_hdfs_on_emr to 2024-03-08T17:00:00+00:00
[2024-03-08 17:00:06,463] {scheduler_job.py:190} INFO - Processing /opt/airflow/dags/data_ingestion_dag/main.py took 0.314 seconds
[2024-03-08 17:00:37,492] {scheduler_job.py:182} INFO - Started process (PID=535) to work on /opt/airflow/dags/data_ingestion_dag/main.py
[2024-03-08 17:00:37,494] {scheduler_job.py:633} INFO - Processing file /opt/airflow/dags/data_ingestion_dag/main.py for tasks to queue
[2024-03-08 17:00:37,497] {logging_mixin.py:104} INFO - [2024-03-08 17:00:37,497] {dagbag.py:496} INFO - Filling up the DagBag from /opt/airflow/dags/data_ingestion_dag/main.py
[2024-03-08 17:00:37,723] {scheduler_job.py:643} INFO - DAG(s) dict_keys(['s3_to_hdfs_on_emr']) retrieved from /opt/airflow/dags/data_ingestion_dag/main.py
[2024-03-08 17:00:37,753] {logging_mixin.py:104} INFO - [2024-03-08 17:00:37,753] {dag.py:1833} INFO - Sync 1 DAGs
[2024-03-08 17:00:37,782] {logging_mixin.py:104} INFO - [2024-03-08 17:00:37,782] {dag.py:2306} INFO - Setting next_dagrun for s3_to_hdfs_on_emr to 2024-03-08T17:00:00+00:00
[2024-03-08 17:00:37,831] {scheduler_job.py:190} INFO - Processing /opt/airflow/dags/data_ingestion_dag/main.py took 0.345 seconds
[2024-03-08 17:01:08,863] {scheduler_job.py:182} INFO - Started process (PID=539) to work on /opt/airflow/dags/data_ingestion_dag/main.py
[2024-03-08 17:01:08,868] {scheduler_job.py:633} INFO - Processing file /opt/airflow/dags/data_ingestion_dag/main.py for tasks to queue
[2024-03-08 17:01:08,871] {logging_mixin.py:104} INFO - [2024-03-08 17:01:08,871] {dagbag.py:496} INFO - Filling up the DagBag from /opt/airflow/dags/data_ingestion_dag/main.py
[2024-03-08 17:01:09,102] {scheduler_job.py:643} INFO - DAG(s) dict_keys(['s3_to_hdfs_on_emr']) retrieved from /opt/airflow/dags/data_ingestion_dag/main.py
[2024-03-08 17:01:09,127] {logging_mixin.py:104} INFO - [2024-03-08 17:01:09,127] {dag.py:1833} INFO - Sync 1 DAGs
[2024-03-08 17:01:09,148] {logging_mixin.py:104} INFO - [2024-03-08 17:01:09,148] {dag.py:2306} INFO - Setting next_dagrun for s3_to_hdfs_on_emr to 2024-03-08T17:00:00+00:00
[2024-03-08 17:01:09,249] {scheduler_job.py:190} INFO - Processing /opt/airflow/dags/data_ingestion_dag/main.py took 0.392 seconds
[2024-03-08 17:01:40,615] {scheduler_job.py:182} INFO - Started process (PID=543) to work on /opt/airflow/dags/data_ingestion_dag/main.py
[2024-03-08 17:01:40,617] {scheduler_job.py:633} INFO - Processing file /opt/airflow/dags/data_ingestion_dag/main.py for tasks to queue
[2024-03-08 17:01:40,618] {logging_mixin.py:104} INFO - [2024-03-08 17:01:40,618] {dagbag.py:496} INFO - Filling up the DagBag from /opt/airflow/dags/data_ingestion_dag/main.py
[2024-03-08 17:01:40,746] {scheduler_job.py:643} INFO - DAG(s) dict_keys(['s3_to_hdfs_on_emr']) retrieved from /opt/airflow/dags/data_ingestion_dag/main.py
[2024-03-08 17:01:40,770] {logging_mixin.py:104} INFO - [2024-03-08 17:01:40,770] {dag.py:1833} INFO - Sync 1 DAGs
[2024-03-08 17:01:40,795] {logging_mixin.py:104} INFO - [2024-03-08 17:01:40,795] {dag.py:2306} INFO - Setting next_dagrun for s3_to_hdfs_on_emr to 2024-03-08T17:00:00+00:00
[2024-03-08 17:01:40,844] {scheduler_job.py:190} INFO - Processing /opt/airflow/dags/data_ingestion_dag/main.py took 0.232 seconds
[2024-03-08 17:02:11,702] {scheduler_job.py:182} INFO - Started process (PID=547) to work on /opt/airflow/dags/data_ingestion_dag/main.py
[2024-03-08 17:02:11,704] {scheduler_job.py:633} INFO - Processing file /opt/airflow/dags/data_ingestion_dag/main.py for tasks to queue
[2024-03-08 17:02:11,706] {logging_mixin.py:104} INFO - [2024-03-08 17:02:11,705] {dagbag.py:496} INFO - Filling up the DagBag from /opt/airflow/dags/data_ingestion_dag/main.py
[2024-03-08 17:02:11,910] {scheduler_job.py:643} INFO - DAG(s) dict_keys(['s3_to_hdfs_on_emr']) retrieved from /opt/airflow/dags/data_ingestion_dag/main.py
[2024-03-08 17:02:11,939] {logging_mixin.py:104} INFO - [2024-03-08 17:02:11,939] {dag.py:1833} INFO - Sync 1 DAGs
[2024-03-08 17:02:11,969] {logging_mixin.py:104} INFO - [2024-03-08 17:02:11,969] {dag.py:2306} INFO - Setting next_dagrun for s3_to_hdfs_on_emr to 2024-03-08T17:00:00+00:00
[2024-03-08 17:02:12,017] {scheduler_job.py:190} INFO - Processing /opt/airflow/dags/data_ingestion_dag/main.py took 0.319 seconds
[2024-03-08 17:02:43,319] {scheduler_job.py:182} INFO - Started process (PID=557) to work on /opt/airflow/dags/data_ingestion_dag/main.py
[2024-03-08 17:02:43,321] {scheduler_job.py:633} INFO - Processing file /opt/airflow/dags/data_ingestion_dag/main.py for tasks to queue
[2024-03-08 17:02:43,322] {logging_mixin.py:104} INFO - [2024-03-08 17:02:43,322] {dagbag.py:496} INFO - Filling up the DagBag from /opt/airflow/dags/data_ingestion_dag/main.py
[2024-03-08 17:02:43,467] {scheduler_job.py:643} INFO - DAG(s) dict_keys(['s3_to_hdfs_on_emr']) retrieved from /opt/airflow/dags/data_ingestion_dag/main.py
[2024-03-08 17:02:43,494] {logging_mixin.py:104} INFO - [2024-03-08 17:02:43,494] {dag.py:1833} INFO - Sync 1 DAGs
[2024-03-08 17:02:43,523] {logging_mixin.py:104} INFO - [2024-03-08 17:02:43,523] {dag.py:2306} INFO - Setting next_dagrun for s3_to_hdfs_on_emr to 2024-03-08T17:00:00+00:00
[2024-03-08 17:02:43,587] {scheduler_job.py:190} INFO - Processing /opt/airflow/dags/data_ingestion_dag/main.py took 0.271 seconds
[2024-03-08 17:03:14,565] {scheduler_job.py:182} INFO - Started process (PID=561) to work on /opt/airflow/dags/data_ingestion_dag/main.py
[2024-03-08 17:03:14,568] {scheduler_job.py:633} INFO - Processing file /opt/airflow/dags/data_ingestion_dag/main.py for tasks to queue
[2024-03-08 17:03:14,569] {logging_mixin.py:104} INFO - [2024-03-08 17:03:14,569] {dagbag.py:496} INFO - Filling up the DagBag from /opt/airflow/dags/data_ingestion_dag/main.py
[2024-03-08 17:03:14,834] {scheduler_job.py:643} INFO - DAG(s) dict_keys(['s3_to_hdfs_on_emr']) retrieved from /opt/airflow/dags/data_ingestion_dag/main.py
[2024-03-08 17:03:14,882] {logging_mixin.py:104} INFO - [2024-03-08 17:03:14,881] {dag.py:1833} INFO - Sync 1 DAGs
[2024-03-08 17:03:14,916] {logging_mixin.py:104} INFO - [2024-03-08 17:03:14,916] {dag.py:2306} INFO - Setting next_dagrun for s3_to_hdfs_on_emr to 2024-03-08T17:00:00+00:00
[2024-03-08 17:03:14,989] {scheduler_job.py:190} INFO - Processing /opt/airflow/dags/data_ingestion_dag/main.py took 0.428 seconds
[2024-03-08 17:03:45,964] {scheduler_job.py:182} INFO - Started process (PID=562) to work on /opt/airflow/dags/data_ingestion_dag/main.py
[2024-03-08 17:03:45,966] {scheduler_job.py:633} INFO - Processing file /opt/airflow/dags/data_ingestion_dag/main.py for tasks to queue
[2024-03-08 17:03:45,968] {logging_mixin.py:104} INFO - [2024-03-08 17:03:45,968] {dagbag.py:496} INFO - Filling up the DagBag from /opt/airflow/dags/data_ingestion_dag/main.py
[2024-03-08 17:03:46,130] {scheduler_job.py:643} INFO - DAG(s) dict_keys(['s3_to_hdfs_on_emr']) retrieved from /opt/airflow/dags/data_ingestion_dag/main.py
[2024-03-08 17:03:46,163] {logging_mixin.py:104} INFO - [2024-03-08 17:03:46,163] {dag.py:1833} INFO - Sync 1 DAGs
[2024-03-08 17:03:46,195] {logging_mixin.py:104} INFO - [2024-03-08 17:03:46,195] {dag.py:2306} INFO - Setting next_dagrun for s3_to_hdfs_on_emr to 2024-03-08T17:00:00+00:00
[2024-03-08 17:03:46,254] {scheduler_job.py:190} INFO - Processing /opt/airflow/dags/data_ingestion_dag/main.py took 0.294 seconds
[2024-03-08 17:04:16,579] {scheduler_job.py:182} INFO - Started process (PID=563) to work on /opt/airflow/dags/data_ingestion_dag/main.py
[2024-03-08 17:04:16,582] {scheduler_job.py:633} INFO - Processing file /opt/airflow/dags/data_ingestion_dag/main.py for tasks to queue
[2024-03-08 17:04:16,583] {logging_mixin.py:104} INFO - [2024-03-08 17:04:16,583] {dagbag.py:496} INFO - Filling up the DagBag from /opt/airflow/dags/data_ingestion_dag/main.py
[2024-03-08 17:04:16,768] {scheduler_job.py:643} INFO - DAG(s) dict_keys(['s3_to_hdfs_on_emr']) retrieved from /opt/airflow/dags/data_ingestion_dag/main.py
[2024-03-08 17:04:16,815] {logging_mixin.py:104} INFO - [2024-03-08 17:04:16,815] {dag.py:1833} INFO - Sync 1 DAGs
[2024-03-08 17:04:16,848] {logging_mixin.py:104} INFO - [2024-03-08 17:04:16,848] {dag.py:2306} INFO - Setting next_dagrun for s3_to_hdfs_on_emr to 2024-03-08T17:00:00+00:00
[2024-03-08 17:04:16,900] {scheduler_job.py:190} INFO - Processing /opt/airflow/dags/data_ingestion_dag/main.py took 0.327 seconds
[2024-03-08 17:04:47,029] {scheduler_job.py:182} INFO - Started process (PID=564) to work on /opt/airflow/dags/data_ingestion_dag/main.py
[2024-03-08 17:04:47,031] {scheduler_job.py:633} INFO - Processing file /opt/airflow/dags/data_ingestion_dag/main.py for tasks to queue
[2024-03-08 17:04:47,032] {logging_mixin.py:104} INFO - [2024-03-08 17:04:47,032] {dagbag.py:496} INFO - Filling up the DagBag from /opt/airflow/dags/data_ingestion_dag/main.py
[2024-03-08 17:04:47,203] {scheduler_job.py:643} INFO - DAG(s) dict_keys(['s3_to_hdfs_on_emr']) retrieved from /opt/airflow/dags/data_ingestion_dag/main.py
[2024-03-08 17:04:47,240] {logging_mixin.py:104} INFO - [2024-03-08 17:04:47,240] {dag.py:1833} INFO - Sync 1 DAGs
[2024-03-08 17:04:47,274] {logging_mixin.py:104} INFO - [2024-03-08 17:04:47,274] {dag.py:2306} INFO - Setting next_dagrun for s3_to_hdfs_on_emr to 2024-03-08T17:00:00+00:00
[2024-03-08 17:04:47,339] {scheduler_job.py:190} INFO - Processing /opt/airflow/dags/data_ingestion_dag/main.py took 0.314 seconds
[2024-03-08 17:05:17,579] {scheduler_job.py:182} INFO - Started process (PID=568) to work on /opt/airflow/dags/data_ingestion_dag/main.py
[2024-03-08 17:05:17,582] {scheduler_job.py:633} INFO - Processing file /opt/airflow/dags/data_ingestion_dag/main.py for tasks to queue
[2024-03-08 17:05:17,584] {logging_mixin.py:104} INFO - [2024-03-08 17:05:17,584] {dagbag.py:496} INFO - Filling up the DagBag from /opt/airflow/dags/data_ingestion_dag/main.py
[2024-03-08 17:05:17,787] {scheduler_job.py:643} INFO - DAG(s) dict_keys(['s3_to_hdfs_on_emr']) retrieved from /opt/airflow/dags/data_ingestion_dag/main.py
[2024-03-08 17:05:17,809] {logging_mixin.py:104} INFO - [2024-03-08 17:05:17,809] {dag.py:1833} INFO - Sync 1 DAGs
[2024-03-08 17:05:17,832] {logging_mixin.py:104} INFO - [2024-03-08 17:05:17,832] {dag.py:2306} INFO - Setting next_dagrun for s3_to_hdfs_on_emr to 2024-03-08T17:00:00+00:00
[2024-03-08 17:05:17,885] {scheduler_job.py:190} INFO - Processing /opt/airflow/dags/data_ingestion_dag/main.py took 0.309 seconds
[2024-03-08 17:05:48,934] {scheduler_job.py:182} INFO - Started process (PID=569) to work on /opt/airflow/dags/data_ingestion_dag/main.py
[2024-03-08 17:05:48,936] {scheduler_job.py:633} INFO - Processing file /opt/airflow/dags/data_ingestion_dag/main.py for tasks to queue
[2024-03-08 17:05:48,937] {logging_mixin.py:104} INFO - [2024-03-08 17:05:48,937] {dagbag.py:496} INFO - Filling up the DagBag from /opt/airflow/dags/data_ingestion_dag/main.py
[2024-03-08 17:05:49,117] {scheduler_job.py:643} INFO - DAG(s) dict_keys(['s3_to_hdfs_on_emr']) retrieved from /opt/airflow/dags/data_ingestion_dag/main.py
[2024-03-08 17:05:49,147] {logging_mixin.py:104} INFO - [2024-03-08 17:05:49,147] {dag.py:1833} INFO - Sync 1 DAGs
[2024-03-08 17:05:49,190] {logging_mixin.py:104} INFO - [2024-03-08 17:05:49,190] {dag.py:2306} INFO - Setting next_dagrun for s3_to_hdfs_on_emr to 2024-03-08T17:00:00+00:00
[2024-03-08 17:05:49,268] {scheduler_job.py:190} INFO - Processing /opt/airflow/dags/data_ingestion_dag/main.py took 0.337 seconds
[2024-03-08 17:06:20,182] {scheduler_job.py:182} INFO - Started process (PID=570) to work on /opt/airflow/dags/data_ingestion_dag/main.py
[2024-03-08 17:06:20,185] {scheduler_job.py:633} INFO - Processing file /opt/airflow/dags/data_ingestion_dag/main.py for tasks to queue
[2024-03-08 17:06:20,188] {logging_mixin.py:104} INFO - [2024-03-08 17:06:20,187] {dagbag.py:496} INFO - Filling up the DagBag from /opt/airflow/dags/data_ingestion_dag/main.py
[2024-03-08 17:06:20,354] {scheduler_job.py:643} INFO - DAG(s) dict_keys(['s3_to_hdfs_on_emr']) retrieved from /opt/airflow/dags/data_ingestion_dag/main.py
[2024-03-08 17:06:20,400] {logging_mixin.py:104} INFO - [2024-03-08 17:06:20,400] {dag.py:1833} INFO - Sync 1 DAGs
[2024-03-08 17:06:20,444] {logging_mixin.py:104} INFO - [2024-03-08 17:06:20,444] {dag.py:2306} INFO - Setting next_dagrun for s3_to_hdfs_on_emr to 2024-03-08T17:00:00+00:00
[2024-03-08 17:06:20,522] {scheduler_job.py:190} INFO - Processing /opt/airflow/dags/data_ingestion_dag/main.py took 0.347 seconds
[2024-03-08 17:06:51,323] {scheduler_job.py:182} INFO - Started process (PID=571) to work on /opt/airflow/dags/data_ingestion_dag/main.py
[2024-03-08 17:06:51,327] {scheduler_job.py:633} INFO - Processing file /opt/airflow/dags/data_ingestion_dag/main.py for tasks to queue
[2024-03-08 17:06:51,330] {logging_mixin.py:104} INFO - [2024-03-08 17:06:51,330] {dagbag.py:496} INFO - Filling up the DagBag from /opt/airflow/dags/data_ingestion_dag/main.py
[2024-03-08 17:06:51,552] {scheduler_job.py:643} INFO - DAG(s) dict_keys(['s3_to_hdfs_on_emr']) retrieved from /opt/airflow/dags/data_ingestion_dag/main.py
[2024-03-08 17:06:51,592] {logging_mixin.py:104} INFO - [2024-03-08 17:06:51,592] {dag.py:1833} INFO - Sync 1 DAGs
[2024-03-08 17:06:51,621] {logging_mixin.py:104} INFO - [2024-03-08 17:06:51,621] {dag.py:2306} INFO - Setting next_dagrun for s3_to_hdfs_on_emr to 2024-03-08T17:00:00+00:00
[2024-03-08 17:06:51,671] {scheduler_job.py:190} INFO - Processing /opt/airflow/dags/data_ingestion_dag/main.py took 0.356 seconds
[2024-03-08 17:07:22,638] {scheduler_job.py:182} INFO - Started process (PID=572) to work on /opt/airflow/dags/data_ingestion_dag/main.py
[2024-03-08 17:07:22,640] {scheduler_job.py:633} INFO - Processing file /opt/airflow/dags/data_ingestion_dag/main.py for tasks to queue
[2024-03-08 17:07:22,642] {logging_mixin.py:104} INFO - [2024-03-08 17:07:22,642] {dagbag.py:496} INFO - Filling up the DagBag from /opt/airflow/dags/data_ingestion_dag/main.py
[2024-03-08 17:07:22,841] {scheduler_job.py:643} INFO - DAG(s) dict_keys(['s3_to_hdfs_on_emr']) retrieved from /opt/airflow/dags/data_ingestion_dag/main.py
[2024-03-08 17:07:22,872] {logging_mixin.py:104} INFO - [2024-03-08 17:07:22,872] {dag.py:1833} INFO - Sync 1 DAGs
[2024-03-08 17:07:22,906] {logging_mixin.py:104} INFO - [2024-03-08 17:07:22,906] {dag.py:2306} INFO - Setting next_dagrun for s3_to_hdfs_on_emr to 2024-03-08T17:00:00+00:00
[2024-03-08 17:07:22,975] {scheduler_job.py:190} INFO - Processing /opt/airflow/dags/data_ingestion_dag/main.py took 0.342 seconds
[2024-03-08 17:07:54,184] {scheduler_job.py:182} INFO - Started process (PID=573) to work on /opt/airflow/dags/data_ingestion_dag/main.py
[2024-03-08 17:07:54,186] {scheduler_job.py:633} INFO - Processing file /opt/airflow/dags/data_ingestion_dag/main.py for tasks to queue
[2024-03-08 17:07:54,188] {logging_mixin.py:104} INFO - [2024-03-08 17:07:54,188] {dagbag.py:496} INFO - Filling up the DagBag from /opt/airflow/dags/data_ingestion_dag/main.py
[2024-03-08 17:07:54,344] {scheduler_job.py:643} INFO - DAG(s) dict_keys(['s3_to_hdfs_on_emr']) retrieved from /opt/airflow/dags/data_ingestion_dag/main.py
[2024-03-08 17:07:54,378] {logging_mixin.py:104} INFO - [2024-03-08 17:07:54,378] {dag.py:1833} INFO - Sync 1 DAGs
[2024-03-08 17:07:54,410] {logging_mixin.py:104} INFO - [2024-03-08 17:07:54,410] {dag.py:2306} INFO - Setting next_dagrun for s3_to_hdfs_on_emr to 2024-03-08T17:00:00+00:00
[2024-03-08 17:07:54,470] {scheduler_job.py:190} INFO - Processing /opt/airflow/dags/data_ingestion_dag/main.py took 0.290 seconds
[2024-03-08 17:08:25,716] {scheduler_job.py:182} INFO - Started process (PID=574) to work on /opt/airflow/dags/data_ingestion_dag/main.py
[2024-03-08 17:08:25,718] {scheduler_job.py:633} INFO - Processing file /opt/airflow/dags/data_ingestion_dag/main.py for tasks to queue
[2024-03-08 17:08:25,719] {logging_mixin.py:104} INFO - [2024-03-08 17:08:25,719] {dagbag.py:496} INFO - Filling up the DagBag from /opt/airflow/dags/data_ingestion_dag/main.py
[2024-03-08 17:08:25,882] {scheduler_job.py:643} INFO - DAG(s) dict_keys(['s3_to_hdfs_on_emr']) retrieved from /opt/airflow/dags/data_ingestion_dag/main.py
[2024-03-08 17:08:25,918] {logging_mixin.py:104} INFO - [2024-03-08 17:08:25,918] {dag.py:1833} INFO - Sync 1 DAGs
[2024-03-08 17:08:25,959] {logging_mixin.py:104} INFO - [2024-03-08 17:08:25,958] {dag.py:2306} INFO - Setting next_dagrun for s3_to_hdfs_on_emr to 2024-03-08T17:00:00+00:00
[2024-03-08 17:08:26,021] {scheduler_job.py:190} INFO - Processing /opt/airflow/dags/data_ingestion_dag/main.py took 0.309 seconds
