[2024-03-06 11:14:41,429] {taskinstance.py:896} INFO - Dependencies all met for <TaskInstance: s3_to_hdfs_on_emr.watch_step 2024-03-06T11:14:03.217085+00:00 [queued]>
[2024-03-06 11:14:41,498] {taskinstance.py:896} INFO - Dependencies all met for <TaskInstance: s3_to_hdfs_on_emr.watch_step 2024-03-06T11:14:03.217085+00:00 [queued]>
[2024-03-06 11:14:41,499] {taskinstance.py:1087} INFO - 
--------------------------------------------------------------------------------
[2024-03-06 11:14:41,500] {taskinstance.py:1088} INFO - Starting attempt 1 of 2
[2024-03-06 11:14:41,501] {taskinstance.py:1089} INFO - 
--------------------------------------------------------------------------------
[2024-03-06 11:14:41,577] {taskinstance.py:1107} INFO - Executing <Task(EmrStepSensor): watch_step> on 2024-03-06T11:14:03.217085+00:00
[2024-03-06 11:14:41,592] {standard_task_runner.py:52} INFO - Started process 49 to run task
[2024-03-06 11:14:41,613] {standard_task_runner.py:76} INFO - Running: ['airflow', 'tasks', 'run', 's3_to_hdfs_on_emr', 'watch_step', '2024-03-06T11:14:03.217085+00:00', '--job-id', '75', '--pool', 'default_pool', '--raw', '--subdir', 'DAGS_FOLDER/data_ingestion_dag/main.py', '--cfg-path', '/tmp/tmpeg3du6od', '--error-file', '/tmp/tmpbk3ah42d']
[2024-03-06 11:14:41,616] {standard_task_runner.py:77} INFO - Job 75: Subtask watch_step
[2024-03-06 11:14:43,465] {logging_mixin.py:104} INFO - Running <TaskInstance: s3_to_hdfs_on_emr.watch_step 2024-03-06T11:14:03.217085+00:00 [running]> on host ef5d1504f506
[2024-03-06 11:14:44,114] {taskinstance.py:1300} INFO - Exporting the following env vars:
AIRFLOW_CTX_DAG_OWNER=airflow
AIRFLOW_CTX_DAG_ID=s3_to_hdfs_on_emr
AIRFLOW_CTX_TASK_ID=watch_step
AIRFLOW_CTX_EXECUTION_DATE=2024-03-06T11:14:03.217085+00:00
AIRFLOW_CTX_DAG_RUN_ID=manual__2024-03-06T11:14:03.217085+00:00
[2024-03-06 11:14:44,117] {base_aws.py:368} INFO - Airflow Connection: aws_conn_id=aws_default
[2024-03-06 11:14:44,157] {base_aws.py:166} INFO - Credentials retrieved from login
[2024-03-06 11:14:44,158] {base_aws.py:82} INFO - Retrieving region_name from Connection.extra_config['region_name']
[2024-03-06 11:14:44,167] {base_aws.py:84} INFO - Creating session with aws_access_key_id=AKIA4MTWLLCCM67BOY3J region_name=us-east-1
[2024-03-06 11:14:44,251] {base_aws.py:157} INFO - role_arn is None
[2024-03-06 11:14:44,795] {emr_step.py:73} INFO - Poking step s-046794520ZPYPMOJSBX on cluster j-E65C9OZZ8BJF
[2024-03-06 11:14:46,268] {emr_base.py:66} INFO - Job flow currently PENDING
[2024-03-06 11:15:46,357] {emr_step.py:73} INFO - Poking step s-046794520ZPYPMOJSBX on cluster j-E65C9OZZ8BJF
[2024-03-06 11:15:47,835] {emr_base.py:66} INFO - Job flow currently RUNNING
[2024-03-06 11:16:47,905] {emr_step.py:73} INFO - Poking step s-046794520ZPYPMOJSBX on cluster j-E65C9OZZ8BJF
[2024-03-06 11:16:49,412] {emr_base.py:66} INFO - Job flow currently RUNNING
[2024-03-06 11:17:49,472] {emr_step.py:73} INFO - Poking step s-046794520ZPYPMOJSBX on cluster j-E65C9OZZ8BJF
[2024-03-06 11:17:51,044] {emr_base.py:66} INFO - Job flow currently RUNNING
[2024-03-06 11:18:51,071] {emr_step.py:73} INFO - Poking step s-046794520ZPYPMOJSBX on cluster j-E65C9OZZ8BJF
[2024-03-06 11:18:52,722] {emr_base.py:66} INFO - Job flow currently RUNNING
[2024-03-06 11:19:52,753] {emr_step.py:73} INFO - Poking step s-046794520ZPYPMOJSBX on cluster j-E65C9OZZ8BJF
[2024-03-06 11:19:54,495] {emr_base.py:66} INFO - Job flow currently RUNNING
[2024-03-06 11:20:54,504] {emr_step.py:73} INFO - Poking step s-046794520ZPYPMOJSBX on cluster j-E65C9OZZ8BJF
[2024-03-06 11:20:55,890] {emr_base.py:66} INFO - Job flow currently RUNNING
[2024-03-06 11:21:55,940] {emr_step.py:73} INFO - Poking step s-046794520ZPYPMOJSBX on cluster j-E65C9OZZ8BJF
[2024-03-06 11:21:57,249] {emr_base.py:66} INFO - Job flow currently RUNNING
[2024-03-06 11:22:57,302] {emr_step.py:73} INFO - Poking step s-046794520ZPYPMOJSBX on cluster j-E65C9OZZ8BJF
[2024-03-06 11:23:02,023] {emr_base.py:66} INFO - Job flow currently RUNNING
[2024-03-06 11:24:02,038] {emr_step.py:73} INFO - Poking step s-046794520ZPYPMOJSBX on cluster j-E65C9OZZ8BJF
[2024-03-06 11:24:04,933] {emr_base.py:66} INFO - Job flow currently RUNNING
[2024-03-06 11:25:04,973] {emr_step.py:73} INFO - Poking step s-046794520ZPYPMOJSBX on cluster j-E65C9OZZ8BJF
[2024-03-06 11:25:10,220] {emr_base.py:66} INFO - Job flow currently RUNNING
[2024-03-06 11:26:10,256] {emr_step.py:73} INFO - Poking step s-046794520ZPYPMOJSBX on cluster j-E65C9OZZ8BJF
[2024-03-06 11:26:12,893] {emr_base.py:66} INFO - Job flow currently RUNNING
[2024-03-06 11:27:12,930] {emr_step.py:73} INFO - Poking step s-046794520ZPYPMOJSBX on cluster j-E65C9OZZ8BJF
[2024-03-06 11:27:15,108] {emr_base.py:66} INFO - Job flow currently RUNNING
[2024-03-06 11:28:15,113] {emr_step.py:73} INFO - Poking step s-046794520ZPYPMOJSBX on cluster j-E65C9OZZ8BJF
[2024-03-06 11:28:16,616] {emr_base.py:66} INFO - Job flow currently RUNNING
[2024-03-06 11:29:16,669] {emr_step.py:73} INFO - Poking step s-046794520ZPYPMOJSBX on cluster j-E65C9OZZ8BJF
[2024-03-06 11:29:18,335] {emr_base.py:66} INFO - Job flow currently RUNNING
[2024-03-06 11:30:18,413] {emr_step.py:73} INFO - Poking step s-046794520ZPYPMOJSBX on cluster j-E65C9OZZ8BJF
[2024-03-06 11:30:20,130] {emr_base.py:66} INFO - Job flow currently RUNNING
[2024-03-06 11:31:20,197] {emr_step.py:73} INFO - Poking step s-046794520ZPYPMOJSBX on cluster j-E65C9OZZ8BJF
[2024-03-06 11:31:21,696] {emr_base.py:66} INFO - Job flow currently RUNNING
[2024-03-06 11:32:21,716] {emr_step.py:73} INFO - Poking step s-046794520ZPYPMOJSBX on cluster j-E65C9OZZ8BJF
[2024-03-06 11:32:23,207] {emr_base.py:66} INFO - Job flow currently RUNNING
[2024-03-06 11:33:23,263] {emr_step.py:73} INFO - Poking step s-046794520ZPYPMOJSBX on cluster j-E65C9OZZ8BJF
[2024-03-06 11:33:24,849] {emr_base.py:66} INFO - Job flow currently RUNNING
[2024-03-06 11:34:24,910] {emr_step.py:73} INFO - Poking step s-046794520ZPYPMOJSBX on cluster j-E65C9OZZ8BJF
[2024-03-06 11:34:26,536] {emr_base.py:66} INFO - Job flow currently RUNNING
[2024-03-06 11:35:26,563] {emr_step.py:73} INFO - Poking step s-046794520ZPYPMOJSBX on cluster j-E65C9OZZ8BJF
[2024-03-06 11:35:28,319] {emr_base.py:66} INFO - Job flow currently RUNNING
[2024-03-06 11:36:28,376] {emr_step.py:73} INFO - Poking step s-046794520ZPYPMOJSBX on cluster j-E65C9OZZ8BJF
[2024-03-06 11:36:29,846] {emr_base.py:66} INFO - Job flow currently RUNNING
[2024-03-06 11:37:29,851] {emr_step.py:73} INFO - Poking step s-046794520ZPYPMOJSBX on cluster j-E65C9OZZ8BJF
[2024-03-06 11:37:31,287] {emr_base.py:66} INFO - Job flow currently RUNNING
[2024-03-06 11:38:31,329] {emr_step.py:73} INFO - Poking step s-046794520ZPYPMOJSBX on cluster j-E65C9OZZ8BJF
[2024-03-06 11:38:32,887] {emr_base.py:66} INFO - Job flow currently RUNNING
[2024-03-06 11:39:06,671] {local_task_job.py:198} WARNING - State of this instance has been externally set to success. Terminating instance.
[2024-03-06 11:39:06,675] {process_utils.py:100} INFO - Sending Signals.SIGTERM to GPID 49
[2024-03-06 11:39:06,675] {taskinstance.py:1284} ERROR - Received SIGTERM. Terminating subprocesses.
[2024-03-06 11:39:06,728] {process_utils.py:66} INFO - Process psutil.Process(pid=49, status='terminated', exitcode=0, started='11:14:40') (49) terminated with exit code 0
