[2024-03-01 10:42:31,291] {taskinstance.py:896} INFO - Dependencies all met for <TaskInstance: example_bash_operator.also_run_this 2024-02-28T00:00:00+00:00 [queued]>
[2024-03-01 10:42:31,322] {taskinstance.py:896} INFO - Dependencies all met for <TaskInstance: example_bash_operator.also_run_this 2024-02-28T00:00:00+00:00 [queued]>
[2024-03-01 10:42:31,323] {taskinstance.py:1087} INFO - 
--------------------------------------------------------------------------------
[2024-03-01 10:42:31,323] {taskinstance.py:1088} INFO - Starting attempt 1 of 1
[2024-03-01 10:42:31,324] {taskinstance.py:1089} INFO - 
--------------------------------------------------------------------------------
[2024-03-01 10:42:31,369] {taskinstance.py:1107} INFO - Executing <Task(BashOperator): also_run_this> on 2024-02-28T00:00:00+00:00
[2024-03-01 10:42:31,375] {standard_task_runner.py:52} INFO - Started process 1730 to run task
[2024-03-01 10:42:31,382] {standard_task_runner.py:76} INFO - Running: ['airflow', 'tasks', 'run', 'example_bash_operator', 'also_run_this', '2024-02-28T00:00:00+00:00', '--job-id', '8', '--pool', 'default_pool', '--raw', '--subdir', '/home/airflow/.local/lib/python3.8/site-packages/airflow/example_dags/example_bash_operator.py', '--cfg-path', '/tmp/tmpsvk59zij', '--error-file', '/tmp/tmpgmwp2i7z']
[2024-03-01 10:42:31,384] {standard_task_runner.py:77} INFO - Job 8: Subtask also_run_this
[2024-03-01 10:42:31,498] {logging_mixin.py:104} INFO - Running <TaskInstance: example_bash_operator.also_run_this 2024-02-28T00:00:00+00:00 [running]> on host 1a7383e911c6
[2024-03-01 10:42:31,665] {taskinstance.py:1300} INFO - Exporting the following env vars:
AIRFLOW_CTX_DAG_OWNER=airflow
AIRFLOW_CTX_DAG_ID=example_bash_operator
AIRFLOW_CTX_TASK_ID=also_run_this
AIRFLOW_CTX_EXECUTION_DATE=2024-02-28T00:00:00+00:00
AIRFLOW_CTX_DAG_RUN_ID=scheduled__2024-02-28T00:00:00+00:00
[2024-03-01 10:42:31,668] {subprocess.py:52} INFO - Tmp dir root location: 
 /tmp
[2024-03-01 10:42:31,669] {subprocess.py:63} INFO - Running command: ['bash', '-c', 'echo "run_id=scheduled__2024-02-28T00:00:00+00:00 | dag_run=<DagRun example_bash_operator @ 2024-02-28 00:00:00+00:00: scheduled__2024-02-28T00:00:00+00:00, externally triggered: False>"']
[2024-03-01 10:42:31,677] {subprocess.py:75} INFO - Output:
[2024-03-01 10:42:31,681] {subprocess.py:79} INFO - run_id=scheduled__2024-02-28T00:00:00+00:00 | dag_run=<DagRun example_bash_operator @ 2024-02-28 00:00:00+00:00: scheduled__2024-02-28T00:00:00+00:00, externally triggered: False>
[2024-03-01 10:42:31,681] {subprocess.py:83} INFO - Command exited with return code 0
[2024-03-01 10:42:31,759] {taskinstance.py:1204} INFO - Marking task as SUCCESS. dag_id=example_bash_operator, task_id=also_run_this, execution_date=20240228T000000, start_date=20240301T104231, end_date=20240301T104231
[2024-03-01 10:42:31,833] {taskinstance.py:1265} INFO - 0 downstream tasks scheduled from follow-on schedule check
[2024-03-01 10:42:31,875] {local_task_job.py:151} INFO - Task exited with return code 0
