[2024-03-06 11:14:17,271] {taskinstance.py:896} INFO - Dependencies all met for <TaskInstance: s3_to_hdfs_on_emr.add_step_to_emr_cluster 2024-03-06T11:14:03.217085+00:00 [queued]>
[2024-03-06 11:14:17,300] {taskinstance.py:896} INFO - Dependencies all met for <TaskInstance: s3_to_hdfs_on_emr.add_step_to_emr_cluster 2024-03-06T11:14:03.217085+00:00 [queued]>
[2024-03-06 11:14:17,301] {taskinstance.py:1087} INFO - 
--------------------------------------------------------------------------------
[2024-03-06 11:14:17,302] {taskinstance.py:1088} INFO - Starting attempt 1 of 2
[2024-03-06 11:14:17,302] {taskinstance.py:1089} INFO - 
--------------------------------------------------------------------------------
[2024-03-06 11:14:17,391] {taskinstance.py:1107} INFO - Executing <Task(EmrAddStepsOperator): add_step_to_emr_cluster> on 2024-03-06T11:14:03.217085+00:00
[2024-03-06 11:14:17,397] {standard_task_runner.py:52} INFO - Started process 45 to run task
[2024-03-06 11:14:17,406] {standard_task_runner.py:76} INFO - Running: ['airflow', 'tasks', 'run', 's3_to_hdfs_on_emr', 'add_step_to_emr_cluster', '2024-03-06T11:14:03.217085+00:00', '--job-id', '74', '--pool', 'default_pool', '--raw', '--subdir', 'DAGS_FOLDER/data_ingestion_dag/main.py', '--cfg-path', '/tmp/tmpf2ooxost', '--error-file', '/tmp/tmpyvslerxd']
[2024-03-06 11:14:17,410] {standard_task_runner.py:77} INFO - Job 74: Subtask add_step_to_emr_cluster
[2024-03-06 11:14:17,551] {logging_mixin.py:104} INFO - Running <TaskInstance: s3_to_hdfs_on_emr.add_step_to_emr_cluster 2024-03-06T11:14:03.217085+00:00 [running]> on host ef5d1504f506
[2024-03-06 11:14:17,820] {taskinstance.py:1300} INFO - Exporting the following env vars:
AIRFLOW_CTX_DAG_OWNER=airflow
AIRFLOW_CTX_DAG_ID=s3_to_hdfs_on_emr
AIRFLOW_CTX_TASK_ID=add_step_to_emr_cluster
AIRFLOW_CTX_EXECUTION_DATE=2024-03-06T11:14:03.217085+00:00
AIRFLOW_CTX_DAG_RUN_ID=manual__2024-03-06T11:14:03.217085+00:00
[2024-03-06 11:14:17,821] {base_aws.py:368} INFO - Airflow Connection: aws_conn_id=aws_default
[2024-03-06 11:14:17,862] {base_aws.py:166} INFO - Credentials retrieved from login
[2024-03-06 11:14:17,863] {base_aws.py:82} INFO - Retrieving region_name from Connection.extra_config['region_name']
[2024-03-06 11:14:17,864] {base_aws.py:84} INFO - Creating session with aws_access_key_id=AKIA4MTWLLCCM67BOY3J region_name=us-east-1
[2024-03-06 11:14:17,899] {base_aws.py:157} INFO - role_arn is None
[2024-03-06 11:14:18,337] {emr_add_steps.py:90} INFO - Adding steps to j-E65C9OZZ8BJF
[2024-03-06 11:14:20,837] {emr_add_steps.py:103} INFO - Steps ['s-046794520ZPYPMOJSBX'] added to JobFlow
[2024-03-06 11:14:20,959] {taskinstance.py:1204} INFO - Marking task as SUCCESS. dag_id=s3_to_hdfs_on_emr, task_id=add_step_to_emr_cluster, execution_date=20240306T111403, start_date=20240306T111417, end_date=20240306T111420
[2024-03-06 11:14:21,136] {taskinstance.py:1265} INFO - 1 downstream tasks scheduled from follow-on schedule check
[2024-03-06 11:14:21,171] {local_task_job.py:151} INFO - Task exited with return code 0
